2024-03-27T15:58:33.840-03:00  INFO 77420 --- [joyapi] [main] br.com.api.joyapi.JoyApiApplication      : Starting JoyApiApplication using Java 17.0.10 with PID 77420 (/home/gabriel/Desktop/joyapi/target/classes started by gabriel in /home/gabriel/Desktop/joyapi)
2024-03-27T15:58:33.842-03:00  INFO 77420 --- [joyapi] [main] br.com.api.joyapi.JoyApiApplication      : No active profile set, falling back to 1 default profile: "default"
2024-03-27T15:58:34.179-03:00  INFO 77420 --- [joyapi] [main] .s.d.r.c.RepositoryConfigurationDelegate : Bootstrapping Spring Data JPA repositories in DEFAULT mode.
2024-03-27T15:58:34.213-03:00  INFO 77420 --- [joyapi] [main] .s.d.r.c.RepositoryConfigurationDelegate : Finished Spring Data repository scanning in 29 ms. Found 3 JPA repository interfaces.
2024-03-27T15:58:34.515-03:00  INFO 77420 --- [joyapi] [main] o.s.b.w.embedded.tomcat.TomcatWebServer  : Tomcat initialized with port 8080 (http)
2024-03-27T15:58:34.524-03:00  INFO 77420 --- [joyapi] [main] o.apache.catalina.core.StandardService   : Starting service [Tomcat]
2024-03-27T15:58:34.525-03:00  INFO 77420 --- [joyapi] [main] o.apache.catalina.core.StandardEngine    : Starting Servlet engine: [Apache Tomcat/10.1.19]
2024-03-27T15:58:34.559-03:00  INFO 77420 --- [joyapi] [main] o.a.c.c.C.[Tomcat].[localhost].[/]       : Initializing Spring embedded WebApplicationContext
2024-03-27T15:58:34.559-03:00  INFO 77420 --- [joyapi] [main] w.s.c.ServletWebServerApplicationContext : Root WebApplicationContext: initialization completed in 694 ms
2024-03-27T15:58:34.583-03:00  INFO 77420 --- [joyapi] [main] com.zaxxer.hikari.HikariDataSource       : HikariPool-1 - Starting...
2024-03-27T15:58:34.586-03:00  WARN 77420 --- [joyapi] [main] c.zaxxer.hikari.util.DriverDataSource    : Registered driver with driverClassName=com.mysql.jdbc.Driver was not found, trying direct instantiation.
2024-03-27T15:58:34.676-03:00  INFO 77420 --- [joyapi] [main] com.zaxxer.hikari.pool.HikariPool        : HikariPool-1 - Added connection com.mysql.cj.jdbc.ConnectionImpl@42505474
2024-03-27T15:58:34.678-03:00  INFO 77420 --- [joyapi] [main] com.zaxxer.hikari.HikariDataSource       : HikariPool-1 - Start completed.
2024-03-27T15:58:34.683-03:00  INFO 77420 --- [joyapi] [main] o.s.b.a.h2.H2ConsoleAutoConfiguration    : H2 console available at '/h2-console'. Database available at 'jdbc:mysql://localhost:3306/joydatabase?useSSL=false&allowPublicKeyRetrieval=true&serverTimezone=UTC'
2024-03-27T15:58:34.759-03:00  INFO 77420 --- [joyapi] [main] o.hibernate.jpa.internal.util.LogHelper  : HHH000204: Processing PersistenceUnitInfo [name: default]
2024-03-27T15:58:34.794-03:00  INFO 77420 --- [joyapi] [main] org.hibernate.Version                    : HHH000412: Hibernate ORM core version 6.4.4.Final
2024-03-27T15:58:34.816-03:00  INFO 77420 --- [joyapi] [main] o.h.c.internal.RegionFactoryInitiator    : HHH000026: Second-level cache disabled
2024-03-27T15:58:34.949-03:00  INFO 77420 --- [joyapi] [main] o.s.o.j.p.SpringPersistenceUnitInfo      : No LoadTimeWeaver setup: ignoring JPA class transformer
2024-03-27T15:58:34.996-03:00  WARN 77420 --- [joyapi] [main] org.hibernate.orm.deprecation            : HHH90000025: MySQLDialect does not need to be specified explicitly using 'hibernate.dialect' (remove the property setting and it will be selected by default)
2024-03-27T15:58:35.508-03:00  INFO 77420 --- [joyapi] [main] o.h.e.t.j.p.i.JtaPlatformInitiator       : HHH000489: No JTA platform available (set 'hibernate.transaction.jta.platform' to enable JTA platform integration)
2024-03-27T15:58:35.741-03:00  INFO 77420 --- [joyapi] [main] j.LocalContainerEntityManagerFactoryBean : Initialized JPA EntityManagerFactory for persistence unit 'default'
2024-03-27T15:58:35.773-03:00  WARN 77420 --- [joyapi] [main] JpaBaseConfiguration$JpaWebConfiguration : spring.jpa.open-in-view is enabled by default. Therefore, database queries may be performed during view rendering. Explicitly configure spring.jpa.open-in-view to disable this warning
2024-03-27T15:58:36.159-03:00  INFO 77420 --- [joyapi] [main] o.s.b.w.embedded.tomcat.TomcatWebServer  : Tomcat started on port 8080 (http) with context path ''
2024-03-27T15:58:36.165-03:00  INFO 77420 --- [joyapi] [main] br.com.api.joyapi.JoyApiApplication      : Started JoyApiApplication in 2.561 seconds (process running for 2.731)
2024-03-27T15:58:39.131-03:00  INFO 77420 --- [joyapi] [http-nio-8080-exec-1] o.a.c.c.C.[Tomcat].[localhost].[/]       : Initializing Spring DispatcherServlet 'dispatcherServlet'
2024-03-27T15:58:39.131-03:00  INFO 77420 --- [joyapi] [http-nio-8080-exec-1] o.s.web.servlet.DispatcherServlet        : Initializing Servlet 'dispatcherServlet'
2024-03-27T15:58:39.132-03:00  INFO 77420 --- [joyapi] [http-nio-8080-exec-1] o.s.web.servlet.DispatcherServlet        : Completed initialization in 1 ms
2024-03-27T15:59:48.186-03:00  INFO 77420 --- [joyapi] [SpringApplicationShutdownHook] j.LocalContainerEntityManagerFactoryBean : Closing JPA EntityManagerFactory for persistence unit 'default'
2024-03-27T15:59:48.189-03:00  INFO 77420 --- [joyapi] [SpringApplicationShutdownHook] com.zaxxer.hikari.HikariDataSource       : HikariPool-1 - Shutdown initiated...
2024-03-27T15:59:48.196-03:00  INFO 77420 --- [joyapi] [SpringApplicationShutdownHook] com.zaxxer.hikari.HikariDataSource       : HikariPool-1 - Shutdown completed.
2024-03-27T16:01:53.994-03:00  INFO 78553 --- [joyapi] [main] b.com.api.joyapi.JoyApiApplicationTests  : Starting JoyApiApplicationTests using Java 17.0.10 with PID 78553 (started by gabriel in /home/gabriel/Desktop/joyapi)
2024-03-27T16:01:53.996-03:00  INFO 78553 --- [joyapi] [main] b.com.api.joyapi.JoyApiApplicationTests  : No active profile set, falling back to 1 default profile: "default"
2024-03-27T16:01:54.349-03:00  INFO 78553 --- [joyapi] [main] .s.d.r.c.RepositoryConfigurationDelegate : Bootstrapping Spring Data JPA repositories in DEFAULT mode.
2024-03-27T16:01:54.387-03:00  INFO 78553 --- [joyapi] [main] .s.d.r.c.RepositoryConfigurationDelegate : Finished Spring Data repository scanning in 28 ms. Found 3 JPA repository interfaces.
2024-03-27T16:01:54.635-03:00  INFO 78553 --- [joyapi] [main] o.hibernate.jpa.internal.util.LogHelper  : HHH000204: Processing PersistenceUnitInfo [name: default]
2024-03-27T16:01:54.660-03:00  INFO 78553 --- [joyapi] [main] org.hibernate.Version                    : HHH000412: Hibernate ORM core version 6.4.4.Final
2024-03-27T16:01:54.679-03:00  INFO 78553 --- [joyapi] [main] o.h.c.internal.RegionFactoryInitiator    : HHH000026: Second-level cache disabled
2024-03-27T16:01:54.802-03:00  INFO 78553 --- [joyapi] [main] o.s.o.j.p.SpringPersistenceUnitInfo      : No LoadTimeWeaver setup: ignoring JPA class transformer
2024-03-27T16:01:54.821-03:00  INFO 78553 --- [joyapi] [main] com.zaxxer.hikari.HikariDataSource       : HikariPool-1 - Starting...
2024-03-27T16:01:54.825-03:00  WARN 78553 --- [joyapi] [main] c.zaxxer.hikari.util.DriverDataSource    : Registered driver with driverClassName=com.mysql.jdbc.Driver was not found, trying direct instantiation.
2024-03-27T16:01:54.925-03:00  INFO 78553 --- [joyapi] [main] com.zaxxer.hikari.pool.HikariPool        : HikariPool-1 - Added connection com.mysql.cj.jdbc.ConnectionImpl@221ca495
2024-03-27T16:01:54.926-03:00  INFO 78553 --- [joyapi] [main] com.zaxxer.hikari.HikariDataSource       : HikariPool-1 - Start completed.
2024-03-27T16:01:54.960-03:00  WARN 78553 --- [joyapi] [main] org.hibernate.orm.deprecation            : HHH90000025: MySQLDialect does not need to be specified explicitly using 'hibernate.dialect' (remove the property setting and it will be selected by default)
2024-03-27T16:01:55.515-03:00  INFO 78553 --- [joyapi] [main] o.h.e.t.j.p.i.JtaPlatformInitiator       : HHH000489: No JTA platform available (set 'hibernate.transaction.jta.platform' to enable JTA platform integration)
2024-03-27T16:01:55.751-03:00  INFO 78553 --- [joyapi] [main] j.LocalContainerEntityManagerFactoryBean : Initialized JPA EntityManagerFactory for persistence unit 'default'
2024-03-27T16:01:55.850-03:00  WARN 78553 --- [joyapi] [main] JpaBaseConfiguration$JpaWebConfiguration : spring.jpa.open-in-view is enabled by default. Therefore, database queries may be performed during view rendering. Explicitly configure spring.jpa.open-in-view to disable this warning
2024-03-27T16:01:56.320-03:00  INFO 78553 --- [joyapi] [main] o.s.b.a.h2.H2ConsoleAutoConfiguration    : H2 console available at '/h2-console'. Database available at 'jdbc:mysql://localhost:3306/joydatabase?useSSL=false&allowPublicKeyRetrieval=true&serverTimezone=UTC'
2024-03-27T16:01:56.358-03:00  INFO 78553 --- [joyapi] [main] b.com.api.joyapi.JoyApiApplicationTests  : Started JoyApiApplicationTests in 2.583 seconds (process running for 3.179)
2024-03-27T16:01:56.757-03:00  INFO 78553 --- [joyapi] [SpringApplicationShutdownHook] j.LocalContainerEntityManagerFactoryBean : Closing JPA EntityManagerFactory for persistence unit 'default'
2024-03-27T16:01:56.758-03:00  INFO 78553 --- [joyapi] [SpringApplicationShutdownHook] com.zaxxer.hikari.HikariDataSource       : HikariPool-1 - Shutdown initiated...
2024-03-27T16:01:56.763-03:00  INFO 78553 --- [joyapi] [SpringApplicationShutdownHook] com.zaxxer.hikari.HikariDataSource       : HikariPool-1 - Shutdown completed.
2024-03-27T16:02:01.275-03:00  INFO 78711 --- [joyapi] [main] br.com.api.joyapi.JoyApiApplication      : Starting JoyApiApplication using Java 17.0.10 with PID 78711 (/home/gabriel/Desktop/joyapi/target/classes started by gabriel in /home/gabriel/Desktop/joyapi)
2024-03-27T16:02:01.277-03:00  INFO 78711 --- [joyapi] [main] br.com.api.joyapi.JoyApiApplication      : No active profile set, falling back to 1 default profile: "default"
2024-03-27T16:02:01.643-03:00  INFO 78711 --- [joyapi] [main] .s.d.r.c.RepositoryConfigurationDelegate : Bootstrapping Spring Data JPA repositories in DEFAULT mode.
2024-03-27T16:02:01.680-03:00  INFO 78711 --- [joyapi] [main] .s.d.r.c.RepositoryConfigurationDelegate : Finished Spring Data repository scanning in 32 ms. Found 3 JPA repository interfaces.
2024-03-27T16:02:01.935-03:00  INFO 78711 --- [joyapi] [main] o.s.b.w.embedded.tomcat.TomcatWebServer  : Tomcat initialized with port 8080 (http)
2024-03-27T16:02:01.942-03:00  INFO 78711 --- [joyapi] [main] o.apache.catalina.core.StandardService   : Starting service [Tomcat]
2024-03-27T16:02:01.942-03:00  INFO 78711 --- [joyapi] [main] o.apache.catalina.core.StandardEngine    : Starting Servlet engine: [Apache Tomcat/10.1.19]
2024-03-27T16:02:01.973-03:00  INFO 78711 --- [joyapi] [main] o.a.c.c.C.[Tomcat].[localhost].[/]       : Initializing Spring embedded WebApplicationContext
2024-03-27T16:02:01.973-03:00  INFO 78711 --- [joyapi] [main] w.s.c.ServletWebServerApplicationContext : Root WebApplicationContext: initialization completed in 666 ms
2024-03-27T16:02:01.995-03:00  INFO 78711 --- [joyapi] [main] com.zaxxer.hikari.HikariDataSource       : HikariPool-1 - Starting...
2024-03-27T16:02:01.999-03:00  WARN 78711 --- [joyapi] [main] c.zaxxer.hikari.util.DriverDataSource    : Registered driver with driverClassName=com.mysql.jdbc.Driver was not found, trying direct instantiation.
2024-03-27T16:02:02.099-03:00  INFO 78711 --- [joyapi] [main] com.zaxxer.hikari.pool.HikariPool        : HikariPool-1 - Added connection com.mysql.cj.jdbc.ConnectionImpl@7316523a
2024-03-27T16:02:02.100-03:00  INFO 78711 --- [joyapi] [main] com.zaxxer.hikari.HikariDataSource       : HikariPool-1 - Start completed.
2024-03-27T16:02:02.106-03:00  INFO 78711 --- [joyapi] [main] o.s.b.a.h2.H2ConsoleAutoConfiguration    : H2 console available at '/h2-console'. Database available at 'jdbc:mysql://localhost:3306/joydatabase?useSSL=false&allowPublicKeyRetrieval=true&serverTimezone=UTC'
2024-03-27T16:02:02.178-03:00  INFO 78711 --- [joyapi] [main] o.hibernate.jpa.internal.util.LogHelper  : HHH000204: Processing PersistenceUnitInfo [name: default]
2024-03-27T16:02:02.200-03:00  INFO 78711 --- [joyapi] [main] org.hibernate.Version                    : HHH000412: Hibernate ORM core version 6.4.4.Final
2024-03-27T16:02:02.218-03:00  INFO 78711 --- [joyapi] [main] o.h.c.internal.RegionFactoryInitiator    : HHH000026: Second-level cache disabled
2024-03-27T16:02:02.324-03:00  INFO 78711 --- [joyapi] [main] o.s.o.j.p.SpringPersistenceUnitInfo      : No LoadTimeWeaver setup: ignoring JPA class transformer
2024-03-27T16:02:02.360-03:00  WARN 78711 --- [joyapi] [main] org.hibernate.orm.deprecation            : HHH90000025: MySQLDialect does not need to be specified explicitly using 'hibernate.dialect' (remove the property setting and it will be selected by default)
2024-03-27T16:02:02.828-03:00  INFO 78711 --- [joyapi] [main] o.h.e.t.j.p.i.JtaPlatformInitiator       : HHH000489: No JTA platform available (set 'hibernate.transaction.jta.platform' to enable JTA platform integration)
2024-03-27T16:02:03.059-03:00  INFO 78711 --- [joyapi] [main] j.LocalContainerEntityManagerFactoryBean : Initialized JPA EntityManagerFactory for persistence unit 'default'
2024-03-27T16:02:03.085-03:00  WARN 78711 --- [joyapi] [main] JpaBaseConfiguration$JpaWebConfiguration : spring.jpa.open-in-view is enabled by default. Therefore, database queries may be performed during view rendering. Explicitly configure spring.jpa.open-in-view to disable this warning
2024-03-27T16:02:03.446-03:00  INFO 78711 --- [joyapi] [main] o.s.b.w.embedded.tomcat.TomcatWebServer  : Tomcat started on port 8080 (http) with context path ''
2024-03-27T16:02:03.451-03:00  INFO 78711 --- [joyapi] [main] br.com.api.joyapi.JoyApiApplication      : Started JoyApiApplication in 2.422 seconds (process running for 2.592)
2024-03-27T16:02:06.502-03:00  INFO 78711 --- [joyapi] [http-nio-8080-exec-1] o.a.c.c.C.[Tomcat].[localhost].[/]       : Initializing Spring DispatcherServlet 'dispatcherServlet'
2024-03-27T16:02:06.502-03:00  INFO 78711 --- [joyapi] [http-nio-8080-exec-1] o.s.web.servlet.DispatcherServlet        : Initializing Servlet 'dispatcherServlet'
2024-03-27T16:02:06.503-03:00  INFO 78711 --- [joyapi] [http-nio-8080-exec-1] o.s.web.servlet.DispatcherServlet        : Completed initialization in 1 ms
2024-03-27T16:06:05.432-03:00  INFO 78711 --- [joyapi] [SpringApplicationShutdownHook] j.LocalContainerEntityManagerFactoryBean : Closing JPA EntityManagerFactory for persistence unit 'default'
2024-03-27T16:06:05.436-03:00  INFO 78711 --- [joyapi] [SpringApplicationShutdownHook] com.zaxxer.hikari.HikariDataSource       : HikariPool-1 - Shutdown initiated...
2024-03-27T16:06:05.447-03:00  INFO 78711 --- [joyapi] [SpringApplicationShutdownHook] com.zaxxer.hikari.HikariDataSource       : HikariPool-1 - Shutdown completed.
2024-03-27T16:06:09.679-03:00  INFO 79856 --- [joyapi] [main] b.com.api.joyapi.JoyApiApplicationTests  : Starting JoyApiApplicationTests using Java 17.0.10 with PID 79856 (started by gabriel in /home/gabriel/Desktop/joyapi)
2024-03-27T16:06:09.680-03:00  INFO 79856 --- [joyapi] [main] b.com.api.joyapi.JoyApiApplicationTests  : No active profile set, falling back to 1 default profile: "default"
2024-03-27T16:06:10.068-03:00  INFO 79856 --- [joyapi] [main] .s.d.r.c.RepositoryConfigurationDelegate : Bootstrapping Spring Data JPA repositories in DEFAULT mode.
2024-03-27T16:06:10.115-03:00  INFO 79856 --- [joyapi] [main] .s.d.r.c.RepositoryConfigurationDelegate : Finished Spring Data repository scanning in 41 ms. Found 3 JPA repository interfaces.
2024-03-27T16:06:10.396-03:00  INFO 79856 --- [joyapi] [main] o.hibernate.jpa.internal.util.LogHelper  : HHH000204: Processing PersistenceUnitInfo [name: default]
2024-03-27T16:06:10.448-03:00  INFO 79856 --- [joyapi] [main] org.hibernate.Version                    : HHH000412: Hibernate ORM core version 6.4.4.Final
2024-03-27T16:06:10.471-03:00  INFO 79856 --- [joyapi] [main] o.h.c.internal.RegionFactoryInitiator    : HHH000026: Second-level cache disabled
2024-03-27T16:06:10.611-03:00  INFO 79856 --- [joyapi] [main] o.s.o.j.p.SpringPersistenceUnitInfo      : No LoadTimeWeaver setup: ignoring JPA class transformer
2024-03-27T16:06:10.632-03:00  INFO 79856 --- [joyapi] [main] com.zaxxer.hikari.HikariDataSource       : HikariPool-1 - Starting...
2024-03-27T16:06:10.635-03:00  WARN 79856 --- [joyapi] [main] c.zaxxer.hikari.util.DriverDataSource    : Registered driver with driverClassName=com.mysql.jdbc.Driver was not found, trying direct instantiation.
2024-03-27T16:06:10.740-03:00  INFO 79856 --- [joyapi] [main] com.zaxxer.hikari.pool.HikariPool        : HikariPool-1 - Added connection com.mysql.cj.jdbc.ConnectionImpl@401788d5
2024-03-27T16:06:10.741-03:00  INFO 79856 --- [joyapi] [main] com.zaxxer.hikari.HikariDataSource       : HikariPool-1 - Start completed.
2024-03-27T16:06:10.772-03:00  WARN 79856 --- [joyapi] [main] org.hibernate.orm.deprecation            : HHH90000025: MySQLDialect does not need to be specified explicitly using 'hibernate.dialect' (remove the property setting and it will be selected by default)
2024-03-27T16:06:11.316-03:00  INFO 79856 --- [joyapi] [main] o.h.e.t.j.p.i.JtaPlatformInitiator       : HHH000489: No JTA platform available (set 'hibernate.transaction.jta.platform' to enable JTA platform integration)
2024-03-27T16:06:11.554-03:00  INFO 79856 --- [joyapi] [main] j.LocalContainerEntityManagerFactoryBean : Initialized JPA EntityManagerFactory for persistence unit 'default'
2024-03-27T16:06:11.656-03:00  WARN 79856 --- [joyapi] [main] JpaBaseConfiguration$JpaWebConfiguration : spring.jpa.open-in-view is enabled by default. Therefore, database queries may be performed during view rendering. Explicitly configure spring.jpa.open-in-view to disable this warning
2024-03-27T16:06:12.135-03:00  INFO 79856 --- [joyapi] [main] o.s.b.a.h2.H2ConsoleAutoConfiguration    : H2 console available at '/h2-console'. Database available at 'jdbc:mysql://localhost:3306/joydatabase?useSSL=false&allowPublicKeyRetrieval=true&serverTimezone=UTC'
2024-03-27T16:06:12.173-03:00  INFO 79856 --- [joyapi] [main] b.com.api.joyapi.JoyApiApplicationTests  : Started JoyApiApplicationTests in 2.701 seconds (process running for 3.349)
2024-03-27T16:06:12.552-03:00  INFO 79856 --- [joyapi] [SpringApplicationShutdownHook] j.LocalContainerEntityManagerFactoryBean : Closing JPA EntityManagerFactory for persistence unit 'default'
2024-03-27T16:06:12.553-03:00  INFO 79856 --- [joyapi] [SpringApplicationShutdownHook] com.zaxxer.hikari.HikariDataSource       : HikariPool-1 - Shutdown initiated...
2024-03-27T16:06:12.558-03:00  INFO 79856 --- [joyapi] [SpringApplicationShutdownHook] com.zaxxer.hikari.HikariDataSource       : HikariPool-1 - Shutdown completed.
2024-03-27T16:06:18.347-03:00  INFO 80014 --- [joyapi] [main] br.com.api.joyapi.JoyApiApplication      : Starting JoyApiApplication using Java 17.0.10 with PID 80014 (/home/gabriel/Desktop/joyapi/target/classes started by gabriel in /home/gabriel/Desktop/joyapi)
2024-03-27T16:06:18.348-03:00  INFO 80014 --- [joyapi] [main] br.com.api.joyapi.JoyApiApplication      : No active profile set, falling back to 1 default profile: "default"
2024-03-27T16:06:18.672-03:00  INFO 80014 --- [joyapi] [main] .s.d.r.c.RepositoryConfigurationDelegate : Bootstrapping Spring Data JPA repositories in DEFAULT mode.
2024-03-27T16:06:18.704-03:00  INFO 80014 --- [joyapi] [main] .s.d.r.c.RepositoryConfigurationDelegate : Finished Spring Data repository scanning in 27 ms. Found 3 JPA repository interfaces.
2024-03-27T16:06:18.989-03:00  INFO 80014 --- [joyapi] [main] o.s.b.w.embedded.tomcat.TomcatWebServer  : Tomcat initialized with port 8080 (http)
2024-03-27T16:06:18.997-03:00  INFO 80014 --- [joyapi] [main] o.apache.catalina.core.StandardService   : Starting service [Tomcat]
2024-03-27T16:06:18.998-03:00  INFO 80014 --- [joyapi] [main] o.apache.catalina.core.StandardEngine    : Starting Servlet engine: [Apache Tomcat/10.1.19]
2024-03-27T16:06:19.028-03:00  INFO 80014 --- [joyapi] [main] o.a.c.c.C.[Tomcat].[localhost].[/]       : Initializing Spring embedded WebApplicationContext
2024-03-27T16:06:19.028-03:00  INFO 80014 --- [joyapi] [main] w.s.c.ServletWebServerApplicationContext : Root WebApplicationContext: initialization completed in 654 ms
2024-03-27T16:06:19.048-03:00  INFO 80014 --- [joyapi] [main] com.zaxxer.hikari.HikariDataSource       : HikariPool-1 - Starting...
2024-03-27T16:06:19.051-03:00  WARN 80014 --- [joyapi] [main] c.zaxxer.hikari.util.DriverDataSource    : Registered driver with driverClassName=com.mysql.jdbc.Driver was not found, trying direct instantiation.
2024-03-27T16:06:19.121-03:00  INFO 80014 --- [joyapi] [main] com.zaxxer.hikari.pool.HikariPool        : HikariPool-1 - Added connection com.mysql.cj.jdbc.ConnectionImpl@42505474
2024-03-27T16:06:19.122-03:00  INFO 80014 --- [joyapi] [main] com.zaxxer.hikari.HikariDataSource       : HikariPool-1 - Start completed.
2024-03-27T16:06:19.128-03:00  INFO 80014 --- [joyapi] [main] o.s.b.a.h2.H2ConsoleAutoConfiguration    : H2 console available at '/h2-console'. Database available at 'jdbc:mysql://localhost:3306/joydatabase?useSSL=false&allowPublicKeyRetrieval=true&serverTimezone=UTC'
2024-03-27T16:06:19.209-03:00  INFO 80014 --- [joyapi] [main] o.hibernate.jpa.internal.util.LogHelper  : HHH000204: Processing PersistenceUnitInfo [name: default]
2024-03-27T16:06:19.231-03:00  INFO 80014 --- [joyapi] [main] org.hibernate.Version                    : HHH000412: Hibernate ORM core version 6.4.4.Final
2024-03-27T16:06:19.247-03:00  INFO 80014 --- [joyapi] [main] o.h.c.internal.RegionFactoryInitiator    : HHH000026: Second-level cache disabled
2024-03-27T16:06:19.351-03:00  INFO 80014 --- [joyapi] [main] o.s.o.j.p.SpringPersistenceUnitInfo      : No LoadTimeWeaver setup: ignoring JPA class transformer
2024-03-27T16:06:19.388-03:00  WARN 80014 --- [joyapi] [main] org.hibernate.orm.deprecation            : HHH90000025: MySQLDialect does not need to be specified explicitly using 'hibernate.dialect' (remove the property setting and it will be selected by default)
2024-03-27T16:06:19.856-03:00  INFO 80014 --- [joyapi] [main] o.h.e.t.j.p.i.JtaPlatformInitiator       : HHH000489: No JTA platform available (set 'hibernate.transaction.jta.platform' to enable JTA platform integration)
2024-03-27T16:06:20.084-03:00  INFO 80014 --- [joyapi] [main] j.LocalContainerEntityManagerFactoryBean : Initialized JPA EntityManagerFactory for persistence unit 'default'
2024-03-27T16:06:20.109-03:00  WARN 80014 --- [joyapi] [main] JpaBaseConfiguration$JpaWebConfiguration : spring.jpa.open-in-view is enabled by default. Therefore, database queries may be performed during view rendering. Explicitly configure spring.jpa.open-in-view to disable this warning
2024-03-27T16:06:20.484-03:00  INFO 80014 --- [joyapi] [main] o.s.b.w.embedded.tomcat.TomcatWebServer  : Tomcat started on port 8080 (http) with context path ''
2024-03-27T16:06:20.490-03:00  INFO 80014 --- [joyapi] [main] br.com.api.joyapi.JoyApiApplication      : Started JoyApiApplication in 2.382 seconds (process running for 2.559)
2024-03-27T16:06:24.620-03:00  INFO 80014 --- [joyapi] [http-nio-8080-exec-1] o.a.c.c.C.[Tomcat].[localhost].[/]       : Initializing Spring DispatcherServlet 'dispatcherServlet'
2024-03-27T16:06:24.621-03:00  INFO 80014 --- [joyapi] [http-nio-8080-exec-1] o.s.web.servlet.DispatcherServlet        : Initializing Servlet 'dispatcherServlet'
2024-03-27T16:06:24.621-03:00  INFO 80014 --- [joyapi] [http-nio-8080-exec-1] o.s.web.servlet.DispatcherServlet        : Completed initialization in 0 ms
2024-03-27T16:07:47.128-03:00  INFO 80014 --- [joyapi] [SpringApplicationShutdownHook] j.LocalContainerEntityManagerFactoryBean : Closing JPA EntityManagerFactory for persistence unit 'default'
2024-03-27T16:07:47.131-03:00  INFO 80014 --- [joyapi] [SpringApplicationShutdownHook] com.zaxxer.hikari.HikariDataSource       : HikariPool-1 - Shutdown initiated...
2024-03-27T16:07:47.138-03:00  INFO 80014 --- [joyapi] [SpringApplicationShutdownHook] com.zaxxer.hikari.HikariDataSource       : HikariPool-1 - Shutdown completed.
2024-03-27T16:07:54.304-03:00  INFO 80561 --- [joyapi] [main] b.com.api.joyapi.JoyApiApplicationTests  : Starting JoyApiApplicationTests using Java 17.0.10 with PID 80561 (started by gabriel in /home/gabriel/Desktop/joyapi)
2024-03-27T16:07:54.306-03:00  INFO 80561 --- [joyapi] [main] b.com.api.joyapi.JoyApiApplicationTests  : No active profile set, falling back to 1 default profile: "default"
2024-03-27T16:07:54.673-03:00  INFO 80561 --- [joyapi] [main] .s.d.r.c.RepositoryConfigurationDelegate : Bootstrapping Spring Data JPA repositories in DEFAULT mode.
2024-03-27T16:07:54.711-03:00  INFO 80561 --- [joyapi] [main] .s.d.r.c.RepositoryConfigurationDelegate : Finished Spring Data repository scanning in 28 ms. Found 3 JPA repository interfaces.
2024-03-27T16:07:54.991-03:00  INFO 80561 --- [joyapi] [main] o.hibernate.jpa.internal.util.LogHelper  : HHH000204: Processing PersistenceUnitInfo [name: default]
2024-03-27T16:07:55.017-03:00  INFO 80561 --- [joyapi] [main] org.hibernate.Version                    : HHH000412: Hibernate ORM core version 6.4.4.Final
2024-03-27T16:07:55.035-03:00  INFO 80561 --- [joyapi] [main] o.h.c.internal.RegionFactoryInitiator    : HHH000026: Second-level cache disabled
2024-03-27T16:07:55.152-03:00  INFO 80561 --- [joyapi] [main] o.s.o.j.p.SpringPersistenceUnitInfo      : No LoadTimeWeaver setup: ignoring JPA class transformer
2024-03-27T16:07:55.166-03:00  INFO 80561 --- [joyapi] [main] com.zaxxer.hikari.HikariDataSource       : HikariPool-1 - Starting...
2024-03-27T16:07:55.169-03:00  WARN 80561 --- [joyapi] [main] c.zaxxer.hikari.util.DriverDataSource    : Registered driver with driverClassName=com.mysql.jdbc.Driver was not found, trying direct instantiation.
2024-03-27T16:07:55.263-03:00  INFO 80561 --- [joyapi] [main] com.zaxxer.hikari.pool.HikariPool        : HikariPool-1 - Added connection com.mysql.cj.jdbc.ConnectionImpl@3a38e4dc
2024-03-27T16:07:55.264-03:00  INFO 80561 --- [joyapi] [main] com.zaxxer.hikari.HikariDataSource       : HikariPool-1 - Start completed.
2024-03-27T16:07:55.291-03:00  WARN 80561 --- [joyapi] [main] org.hibernate.orm.deprecation            : HHH90000025: MySQLDialect does not need to be specified explicitly using 'hibernate.dialect' (remove the property setting and it will be selected by default)
2024-03-27T16:07:55.828-03:00  INFO 80561 --- [joyapi] [main] o.h.e.t.j.p.i.JtaPlatformInitiator       : HHH000489: No JTA platform available (set 'hibernate.transaction.jta.platform' to enable JTA platform integration)
2024-03-27T16:07:56.044-03:00  INFO 80561 --- [joyapi] [main] j.LocalContainerEntityManagerFactoryBean : Initialized JPA EntityManagerFactory for persistence unit 'default'
2024-03-27T16:07:56.131-03:00  WARN 80561 --- [joyapi] [main] JpaBaseConfiguration$JpaWebConfiguration : spring.jpa.open-in-view is enabled by default. Therefore, database queries may be performed during view rendering. Explicitly configure spring.jpa.open-in-view to disable this warning
2024-03-27T16:07:56.599-03:00  INFO 80561 --- [joyapi] [main] o.s.b.a.h2.H2ConsoleAutoConfiguration    : H2 console available at '/h2-console'. Database available at 'jdbc:mysql://localhost:3306/joydatabase?useSSL=false&allowPublicKeyRetrieval=true&serverTimezone=UTC'
2024-03-27T16:07:56.640-03:00  INFO 80561 --- [joyapi] [main] b.com.api.joyapi.JoyApiApplicationTests  : Started JoyApiApplicationTests in 2.521 seconds (process running for 3.083)
2024-03-27T16:07:57.038-03:00  INFO 80561 --- [joyapi] [SpringApplicationShutdownHook] j.LocalContainerEntityManagerFactoryBean : Closing JPA EntityManagerFactory for persistence unit 'default'
2024-03-27T16:07:57.040-03:00  INFO 80561 --- [joyapi] [SpringApplicationShutdownHook] com.zaxxer.hikari.HikariDataSource       : HikariPool-1 - Shutdown initiated...
2024-03-27T16:07:57.044-03:00  INFO 80561 --- [joyapi] [SpringApplicationShutdownHook] com.zaxxer.hikari.HikariDataSource       : HikariPool-1 - Shutdown completed.
2024-03-27T16:08:01.807-03:00  INFO 80706 --- [joyapi] [main] br.com.api.joyapi.JoyApiApplication      : Starting JoyApiApplication using Java 17.0.10 with PID 80706 (/home/gabriel/Desktop/joyapi/target/classes started by gabriel in /home/gabriel/Desktop/joyapi)
2024-03-27T16:08:01.808-03:00  INFO 80706 --- [joyapi] [main] br.com.api.joyapi.JoyApiApplication      : No active profile set, falling back to 1 default profile: "default"
2024-03-27T16:08:02.100-03:00  INFO 80706 --- [joyapi] [main] .s.d.r.c.RepositoryConfigurationDelegate : Bootstrapping Spring Data JPA repositories in DEFAULT mode.
2024-03-27T16:08:02.132-03:00  INFO 80706 --- [joyapi] [main] .s.d.r.c.RepositoryConfigurationDelegate : Finished Spring Data repository scanning in 28 ms. Found 3 JPA repository interfaces.
2024-03-27T16:08:02.398-03:00  INFO 80706 --- [joyapi] [main] o.s.b.w.embedded.tomcat.TomcatWebServer  : Tomcat initialized with port 8080 (http)
2024-03-27T16:08:02.405-03:00  INFO 80706 --- [joyapi] [main] o.apache.catalina.core.StandardService   : Starting service [Tomcat]
2024-03-27T16:08:02.405-03:00  INFO 80706 --- [joyapi] [main] o.apache.catalina.core.StandardEngine    : Starting Servlet engine: [Apache Tomcat/10.1.19]
2024-03-27T16:08:02.435-03:00  INFO 80706 --- [joyapi] [main] o.a.c.c.C.[Tomcat].[localhost].[/]       : Initializing Spring embedded WebApplicationContext
2024-03-27T16:08:02.435-03:00  INFO 80706 --- [joyapi] [main] w.s.c.ServletWebServerApplicationContext : Root WebApplicationContext: initialization completed in 605 ms
2024-03-27T16:08:02.455-03:00  INFO 80706 --- [joyapi] [main] com.zaxxer.hikari.HikariDataSource       : HikariPool-1 - Starting...
2024-03-27T16:08:02.459-03:00  WARN 80706 --- [joyapi] [main] c.zaxxer.hikari.util.DriverDataSource    : Registered driver with driverClassName=com.mysql.jdbc.Driver was not found, trying direct instantiation.
2024-03-27T16:08:02.533-03:00  INFO 80706 --- [joyapi] [main] com.zaxxer.hikari.pool.HikariPool        : HikariPool-1 - Added connection com.mysql.cj.jdbc.ConnectionImpl@3625a016
2024-03-27T16:08:02.534-03:00  INFO 80706 --- [joyapi] [main] com.zaxxer.hikari.HikariDataSource       : HikariPool-1 - Start completed.
2024-03-27T16:08:02.540-03:00  INFO 80706 --- [joyapi] [main] o.s.b.a.h2.H2ConsoleAutoConfiguration    : H2 console available at '/h2-console'. Database available at 'jdbc:mysql://localhost:3306/joydatabase?useSSL=false&allowPublicKeyRetrieval=true&serverTimezone=UTC'
2024-03-27T16:08:02.615-03:00  INFO 80706 --- [joyapi] [main] o.hibernate.jpa.internal.util.LogHelper  : HHH000204: Processing PersistenceUnitInfo [name: default]
2024-03-27T16:08:02.639-03:00  INFO 80706 --- [joyapi] [main] org.hibernate.Version                    : HHH000412: Hibernate ORM core version 6.4.4.Final
2024-03-27T16:08:02.657-03:00  INFO 80706 --- [joyapi] [main] o.h.c.internal.RegionFactoryInitiator    : HHH000026: Second-level cache disabled
2024-03-27T16:08:02.766-03:00  INFO 80706 --- [joyapi] [main] o.s.o.j.p.SpringPersistenceUnitInfo      : No LoadTimeWeaver setup: ignoring JPA class transformer
2024-03-27T16:08:02.802-03:00  WARN 80706 --- [joyapi] [main] org.hibernate.orm.deprecation            : HHH90000025: MySQLDialect does not need to be specified explicitly using 'hibernate.dialect' (remove the property setting and it will be selected by default)
2024-03-27T16:08:03.251-03:00  INFO 80706 --- [joyapi] [main] o.h.e.t.j.p.i.JtaPlatformInitiator       : HHH000489: No JTA platform available (set 'hibernate.transaction.jta.platform' to enable JTA platform integration)
2024-03-27T16:08:03.472-03:00  INFO 80706 --- [joyapi] [main] j.LocalContainerEntityManagerFactoryBean : Initialized JPA EntityManagerFactory for persistence unit 'default'
2024-03-27T16:08:03.497-03:00  WARN 80706 --- [joyapi] [main] JpaBaseConfiguration$JpaWebConfiguration : spring.jpa.open-in-view is enabled by default. Therefore, database queries may be performed during view rendering. Explicitly configure spring.jpa.open-in-view to disable this warning
2024-03-27T16:08:03.853-03:00  INFO 80706 --- [joyapi] [main] o.s.b.w.embedded.tomcat.TomcatWebServer  : Tomcat started on port 8080 (http) with context path ''
2024-03-27T16:08:03.859-03:00  INFO 80706 --- [joyapi] [main] br.com.api.joyapi.JoyApiApplication      : Started JoyApiApplication in 2.296 seconds (process running for 2.44)
2024-03-27T16:08:07.706-03:00  INFO 80706 --- [joyapi] [http-nio-8080-exec-1] o.a.c.c.C.[Tomcat].[localhost].[/]       : Initializing Spring DispatcherServlet 'dispatcherServlet'
2024-03-27T16:08:07.707-03:00  INFO 80706 --- [joyapi] [http-nio-8080-exec-1] o.s.web.servlet.DispatcherServlet        : Initializing Servlet 'dispatcherServlet'
2024-03-27T16:08:07.707-03:00  INFO 80706 --- [joyapi] [http-nio-8080-exec-1] o.s.web.servlet.DispatcherServlet        : Completed initialization in 0 ms
2024-03-27T16:09:08.036-03:00  INFO 80706 --- [joyapi] [SpringApplicationShutdownHook] j.LocalContainerEntityManagerFactoryBean : Closing JPA EntityManagerFactory for persistence unit 'default'
2024-03-27T16:09:08.039-03:00  INFO 80706 --- [joyapi] [SpringApplicationShutdownHook] com.zaxxer.hikari.HikariDataSource       : HikariPool-1 - Shutdown initiated...
2024-03-27T16:09:08.047-03:00  INFO 80706 --- [joyapi] [SpringApplicationShutdownHook] com.zaxxer.hikari.HikariDataSource       : HikariPool-1 - Shutdown completed.
2024-03-27T16:09:12.928-03:00  INFO 81169 --- [joyapi] [main] b.com.api.joyapi.JoyApiApplicationTests  : Starting JoyApiApplicationTests using Java 17.0.10 with PID 81169 (started by gabriel in /home/gabriel/Desktop/joyapi)
2024-03-27T16:09:12.929-03:00  INFO 81169 --- [joyapi] [main] b.com.api.joyapi.JoyApiApplicationTests  : No active profile set, falling back to 1 default profile: "default"
2024-03-27T16:09:13.278-03:00  INFO 81169 --- [joyapi] [main] .s.d.r.c.RepositoryConfigurationDelegate : Bootstrapping Spring Data JPA repositories in DEFAULT mode.
2024-03-27T16:09:13.317-03:00  INFO 81169 --- [joyapi] [main] .s.d.r.c.RepositoryConfigurationDelegate : Finished Spring Data repository scanning in 34 ms. Found 3 JPA repository interfaces.
2024-03-27T16:09:13.549-03:00  INFO 81169 --- [joyapi] [main] o.hibernate.jpa.internal.util.LogHelper  : HHH000204: Processing PersistenceUnitInfo [name: default]
2024-03-27T16:09:13.573-03:00  INFO 81169 --- [joyapi] [main] org.hibernate.Version                    : HHH000412: Hibernate ORM core version 6.4.4.Final
2024-03-27T16:09:13.590-03:00  INFO 81169 --- [joyapi] [main] o.h.c.internal.RegionFactoryInitiator    : HHH000026: Second-level cache disabled
2024-03-27T16:09:13.704-03:00  INFO 81169 --- [joyapi] [main] o.s.o.j.p.SpringPersistenceUnitInfo      : No LoadTimeWeaver setup: ignoring JPA class transformer
2024-03-27T16:09:13.723-03:00  INFO 81169 --- [joyapi] [main] com.zaxxer.hikari.HikariDataSource       : HikariPool-1 - Starting...
2024-03-27T16:09:13.725-03:00  WARN 81169 --- [joyapi] [main] c.zaxxer.hikari.util.DriverDataSource    : Registered driver with driverClassName=com.mysql.jdbc.Driver was not found, trying direct instantiation.
2024-03-27T16:09:13.817-03:00  INFO 81169 --- [joyapi] [main] com.zaxxer.hikari.pool.HikariPool        : HikariPool-1 - Added connection com.mysql.cj.jdbc.ConnectionImpl@69feb4d9
2024-03-27T16:09:13.818-03:00  INFO 81169 --- [joyapi] [main] com.zaxxer.hikari.HikariDataSource       : HikariPool-1 - Start completed.
2024-03-27T16:09:13.856-03:00  WARN 81169 --- [joyapi] [main] org.hibernate.orm.deprecation            : HHH90000025: MySQLDialect does not need to be specified explicitly using 'hibernate.dialect' (remove the property setting and it will be selected by default)
2024-03-27T16:09:14.387-03:00  INFO 81169 --- [joyapi] [main] o.h.e.t.j.p.i.JtaPlatformInitiator       : HHH000489: No JTA platform available (set 'hibernate.transaction.jta.platform' to enable JTA platform integration)
2024-03-27T16:09:14.642-03:00  INFO 81169 --- [joyapi] [main] j.LocalContainerEntityManagerFactoryBean : Initialized JPA EntityManagerFactory for persistence unit 'default'
2024-03-27T16:09:14.727-03:00  WARN 81169 --- [joyapi] [main] JpaBaseConfiguration$JpaWebConfiguration : spring.jpa.open-in-view is enabled by default. Therefore, database queries may be performed during view rendering. Explicitly configure spring.jpa.open-in-view to disable this warning
2024-03-27T16:09:15.167-03:00  INFO 81169 --- [joyapi] [main] o.s.b.a.h2.H2ConsoleAutoConfiguration    : H2 console available at '/h2-console'. Database available at 'jdbc:mysql://localhost:3306/joydatabase?useSSL=false&allowPublicKeyRetrieval=true&serverTimezone=UTC'
2024-03-27T16:09:15.208-03:00  INFO 81169 --- [joyapi] [main] b.com.api.joyapi.JoyApiApplicationTests  : Started JoyApiApplicationTests in 2.45 seconds (process running for 3.008)
2024-03-27T16:09:15.597-03:00  INFO 81169 --- [joyapi] [SpringApplicationShutdownHook] j.LocalContainerEntityManagerFactoryBean : Closing JPA EntityManagerFactory for persistence unit 'default'
2024-03-27T16:09:15.598-03:00  INFO 81169 --- [joyapi] [SpringApplicationShutdownHook] com.zaxxer.hikari.HikariDataSource       : HikariPool-1 - Shutdown initiated...
2024-03-27T16:09:15.603-03:00  INFO 81169 --- [joyapi] [SpringApplicationShutdownHook] com.zaxxer.hikari.HikariDataSource       : HikariPool-1 - Shutdown completed.
2024-03-27T16:09:19.563-03:00  INFO 81314 --- [joyapi] [main] br.com.api.joyapi.JoyApiApplication      : Starting JoyApiApplication using Java 17.0.10 with PID 81314 (/home/gabriel/Desktop/joyapi/target/classes started by gabriel in /home/gabriel/Desktop/joyapi)
2024-03-27T16:09:19.564-03:00  INFO 81314 --- [joyapi] [main] br.com.api.joyapi.JoyApiApplication      : No active profile set, falling back to 1 default profile: "default"
2024-03-27T16:09:19.873-03:00  INFO 81314 --- [joyapi] [main] .s.d.r.c.RepositoryConfigurationDelegate : Bootstrapping Spring Data JPA repositories in DEFAULT mode.
2024-03-27T16:09:19.907-03:00  INFO 81314 --- [joyapi] [main] .s.d.r.c.RepositoryConfigurationDelegate : Finished Spring Data repository scanning in 29 ms. Found 3 JPA repository interfaces.
2024-03-27T16:09:20.158-03:00  INFO 81314 --- [joyapi] [main] o.s.b.w.embedded.tomcat.TomcatWebServer  : Tomcat initialized with port 8080 (http)
2024-03-27T16:09:20.165-03:00  INFO 81314 --- [joyapi] [main] o.apache.catalina.core.StandardService   : Starting service [Tomcat]
2024-03-27T16:09:20.165-03:00  INFO 81314 --- [joyapi] [main] o.apache.catalina.core.StandardEngine    : Starting Servlet engine: [Apache Tomcat/10.1.19]
2024-03-27T16:09:20.195-03:00  INFO 81314 --- [joyapi] [main] o.a.c.c.C.[Tomcat].[localhost].[/]       : Initializing Spring embedded WebApplicationContext
2024-03-27T16:09:20.195-03:00  INFO 81314 --- [joyapi] [main] w.s.c.ServletWebServerApplicationContext : Root WebApplicationContext: initialization completed in 608 ms
2024-03-27T16:09:20.215-03:00  INFO 81314 --- [joyapi] [main] com.zaxxer.hikari.HikariDataSource       : HikariPool-1 - Starting...
2024-03-27T16:09:20.217-03:00  WARN 81314 --- [joyapi] [main] c.zaxxer.hikari.util.DriverDataSource    : Registered driver with driverClassName=com.mysql.jdbc.Driver was not found, trying direct instantiation.
2024-03-27T16:09:20.289-03:00  INFO 81314 --- [joyapi] [main] com.zaxxer.hikari.pool.HikariPool        : HikariPool-1 - Added connection com.mysql.cj.jdbc.ConnectionImpl@b3e86d5
2024-03-27T16:09:20.290-03:00  INFO 81314 --- [joyapi] [main] com.zaxxer.hikari.HikariDataSource       : HikariPool-1 - Start completed.
2024-03-27T16:09:20.295-03:00  INFO 81314 --- [joyapi] [main] o.s.b.a.h2.H2ConsoleAutoConfiguration    : H2 console available at '/h2-console'. Database available at 'jdbc:mysql://localhost:3306/joydatabase?useSSL=false&allowPublicKeyRetrieval=true&serverTimezone=UTC'
2024-03-27T16:09:20.366-03:00  INFO 81314 --- [joyapi] [main] o.hibernate.jpa.internal.util.LogHelper  : HHH000204: Processing PersistenceUnitInfo [name: default]
2024-03-27T16:09:20.387-03:00  INFO 81314 --- [joyapi] [main] org.hibernate.Version                    : HHH000412: Hibernate ORM core version 6.4.4.Final
2024-03-27T16:09:20.405-03:00  INFO 81314 --- [joyapi] [main] o.h.c.internal.RegionFactoryInitiator    : HHH000026: Second-level cache disabled
2024-03-27T16:09:20.505-03:00  INFO 81314 --- [joyapi] [main] o.s.o.j.p.SpringPersistenceUnitInfo      : No LoadTimeWeaver setup: ignoring JPA class transformer
2024-03-27T16:09:20.543-03:00  WARN 81314 --- [joyapi] [main] org.hibernate.orm.deprecation            : HHH90000025: MySQLDialect does not need to be specified explicitly using 'hibernate.dialect' (remove the property setting and it will be selected by default)
2024-03-27T16:09:21.005-03:00  INFO 81314 --- [joyapi] [main] o.h.e.t.j.p.i.JtaPlatformInitiator       : HHH000489: No JTA platform available (set 'hibernate.transaction.jta.platform' to enable JTA platform integration)
2024-03-27T16:09:21.228-03:00  INFO 81314 --- [joyapi] [main] j.LocalContainerEntityManagerFactoryBean : Initialized JPA EntityManagerFactory for persistence unit 'default'
2024-03-27T16:09:21.253-03:00  WARN 81314 --- [joyapi] [main] JpaBaseConfiguration$JpaWebConfiguration : spring.jpa.open-in-view is enabled by default. Therefore, database queries may be performed during view rendering. Explicitly configure spring.jpa.open-in-view to disable this warning
2024-03-27T16:09:21.617-03:00  INFO 81314 --- [joyapi] [main] o.s.b.w.embedded.tomcat.TomcatWebServer  : Tomcat started on port 8080 (http) with context path ''
2024-03-27T16:09:21.624-03:00  INFO 81314 --- [joyapi] [main] br.com.api.joyapi.JoyApiApplication      : Started JoyApiApplication in 2.269 seconds (process running for 2.41)
2024-03-27T16:09:24.396-03:00  INFO 81314 --- [joyapi] [http-nio-8080-exec-1] o.a.c.c.C.[Tomcat].[localhost].[/]       : Initializing Spring DispatcherServlet 'dispatcherServlet'
2024-03-27T16:09:24.396-03:00  INFO 81314 --- [joyapi] [http-nio-8080-exec-1] o.s.web.servlet.DispatcherServlet        : Initializing Servlet 'dispatcherServlet'
2024-03-27T16:09:24.397-03:00  INFO 81314 --- [joyapi] [http-nio-8080-exec-1] o.s.web.servlet.DispatcherServlet        : Completed initialization in 1 ms
2024-03-27T16:09:40.570-03:00  INFO 81314 --- [joyapi] [SpringApplicationShutdownHook] j.LocalContainerEntityManagerFactoryBean : Closing JPA EntityManagerFactory for persistence unit 'default'
2024-03-27T16:09:40.573-03:00  INFO 81314 --- [joyapi] [SpringApplicationShutdownHook] com.zaxxer.hikari.HikariDataSource       : HikariPool-1 - Shutdown initiated...
2024-03-27T16:09:40.580-03:00  INFO 81314 --- [joyapi] [SpringApplicationShutdownHook] com.zaxxer.hikari.HikariDataSource       : HikariPool-1 - Shutdown completed.
2024-03-27T16:09:45.773-03:00  INFO 81578 --- [joyapi] [main] b.com.api.joyapi.JoyApiApplicationTests  : Starting JoyApiApplicationTests using Java 17.0.10 with PID 81578 (started by gabriel in /home/gabriel/Desktop/joyapi)
2024-03-27T16:09:45.774-03:00  INFO 81578 --- [joyapi] [main] b.com.api.joyapi.JoyApiApplicationTests  : No active profile set, falling back to 1 default profile: "default"
2024-03-27T16:09:46.276-03:00  INFO 81578 --- [joyapi] [main] .s.d.r.c.RepositoryConfigurationDelegate : Bootstrapping Spring Data JPA repositories in DEFAULT mode.
2024-03-27T16:09:46.316-03:00  INFO 81578 --- [joyapi] [main] .s.d.r.c.RepositoryConfigurationDelegate : Finished Spring Data repository scanning in 35 ms. Found 3 JPA repository interfaces.
2024-03-27T16:09:46.631-03:00  INFO 81578 --- [joyapi] [main] o.hibernate.jpa.internal.util.LogHelper  : HHH000204: Processing PersistenceUnitInfo [name: default]
2024-03-27T16:09:46.667-03:00  INFO 81578 --- [joyapi] [main] org.hibernate.Version                    : HHH000412: Hibernate ORM core version 6.4.4.Final
2024-03-27T16:09:46.695-03:00  INFO 81578 --- [joyapi] [main] o.h.c.internal.RegionFactoryInitiator    : HHH000026: Second-level cache disabled
2024-03-27T16:09:46.855-03:00  INFO 81578 --- [joyapi] [main] o.s.o.j.p.SpringPersistenceUnitInfo      : No LoadTimeWeaver setup: ignoring JPA class transformer
2024-03-27T16:09:46.872-03:00  INFO 81578 --- [joyapi] [main] com.zaxxer.hikari.HikariDataSource       : HikariPool-1 - Starting...
2024-03-27T16:09:46.875-03:00  WARN 81578 --- [joyapi] [main] c.zaxxer.hikari.util.DriverDataSource    : Registered driver with driverClassName=com.mysql.jdbc.Driver was not found, trying direct instantiation.
2024-03-27T16:09:47.022-03:00  INFO 81578 --- [joyapi] [main] com.zaxxer.hikari.pool.HikariPool        : HikariPool-1 - Added connection com.mysql.cj.jdbc.ConnectionImpl@100bba26
2024-03-27T16:09:47.023-03:00  INFO 81578 --- [joyapi] [main] com.zaxxer.hikari.HikariDataSource       : HikariPool-1 - Start completed.
2024-03-27T16:09:47.096-03:00  WARN 81578 --- [joyapi] [main] org.hibernate.orm.deprecation            : HHH90000025: MySQLDialect does not need to be specified explicitly using 'hibernate.dialect' (remove the property setting and it will be selected by default)
2024-03-27T16:09:47.885-03:00  INFO 81578 --- [joyapi] [main] o.h.e.t.j.p.i.JtaPlatformInitiator       : HHH000489: No JTA platform available (set 'hibernate.transaction.jta.platform' to enable JTA platform integration)
2024-03-27T16:09:48.137-03:00  INFO 81578 --- [joyapi] [main] j.LocalContainerEntityManagerFactoryBean : Initialized JPA EntityManagerFactory for persistence unit 'default'
2024-03-27T16:09:48.271-03:00  WARN 81578 --- [joyapi] [main] JpaBaseConfiguration$JpaWebConfiguration : spring.jpa.open-in-view is enabled by default. Therefore, database queries may be performed during view rendering. Explicitly configure spring.jpa.open-in-view to disable this warning
2024-03-27T16:09:48.787-03:00  INFO 81578 --- [joyapi] [main] b.com.api.joyapi.JoyApiApplicationTests  : Started JoyApiApplicationTests in 3.231 seconds (process running for 3.801)
2024-03-27T16:09:49.182-03:00  INFO 81578 --- [joyapi] [SpringApplicationShutdownHook] j.LocalContainerEntityManagerFactoryBean : Closing JPA EntityManagerFactory for persistence unit 'default'
2024-03-27T16:09:49.184-03:00  INFO 81578 --- [joyapi] [SpringApplicationShutdownHook] com.zaxxer.hikari.HikariDataSource       : HikariPool-1 - Shutdown initiated...
2024-03-27T16:09:49.190-03:00  INFO 81578 --- [joyapi] [SpringApplicationShutdownHook] com.zaxxer.hikari.HikariDataSource       : HikariPool-1 - Shutdown completed.
2024-03-27T16:10:10.886-03:00  INFO 81810 --- [joyapi] [main] br.com.api.joyapi.JoyApiApplication      : Starting JoyApiApplication using Java 17.0.10 with PID 81810 (/home/gabriel/Desktop/joyapi/target/classes started by gabriel in /home/gabriel/Desktop/joyapi)
2024-03-27T16:10:10.887-03:00  INFO 81810 --- [joyapi] [main] br.com.api.joyapi.JoyApiApplication      : No active profile set, falling back to 1 default profile: "default"
2024-03-27T16:10:11.212-03:00  INFO 81810 --- [joyapi] [main] .s.d.r.c.RepositoryConfigurationDelegate : Bootstrapping Spring Data JPA repositories in DEFAULT mode.
2024-03-27T16:10:11.246-03:00  INFO 81810 --- [joyapi] [main] .s.d.r.c.RepositoryConfigurationDelegate : Finished Spring Data repository scanning in 30 ms. Found 3 JPA repository interfaces.
2024-03-27T16:10:11.521-03:00  INFO 81810 --- [joyapi] [main] o.s.b.w.embedded.tomcat.TomcatWebServer  : Tomcat initialized with port 8080 (http)
2024-03-27T16:10:11.528-03:00  INFO 81810 --- [joyapi] [main] o.apache.catalina.core.StandardService   : Starting service [Tomcat]
2024-03-27T16:10:11.528-03:00  INFO 81810 --- [joyapi] [main] o.apache.catalina.core.StandardEngine    : Starting Servlet engine: [Apache Tomcat/10.1.19]
2024-03-27T16:10:11.560-03:00  INFO 81810 --- [joyapi] [main] o.a.c.c.C.[Tomcat].[localhost].[/]       : Initializing Spring embedded WebApplicationContext
2024-03-27T16:10:11.561-03:00  INFO 81810 --- [joyapi] [main] w.s.c.ServletWebServerApplicationContext : Root WebApplicationContext: initialization completed in 643 ms
2024-03-27T16:10:11.660-03:00  INFO 81810 --- [joyapi] [main] o.hibernate.jpa.internal.util.LogHelper  : HHH000204: Processing PersistenceUnitInfo [name: default]
2024-03-27T16:10:11.691-03:00  INFO 81810 --- [joyapi] [main] org.hibernate.Version                    : HHH000412: Hibernate ORM core version 6.4.4.Final
2024-03-27T16:10:11.718-03:00  INFO 81810 --- [joyapi] [main] o.h.c.internal.RegionFactoryInitiator    : HHH000026: Second-level cache disabled
2024-03-27T16:10:11.816-03:00  INFO 81810 --- [joyapi] [main] o.s.o.j.p.SpringPersistenceUnitInfo      : No LoadTimeWeaver setup: ignoring JPA class transformer
2024-03-27T16:10:11.827-03:00  INFO 81810 --- [joyapi] [main] com.zaxxer.hikari.HikariDataSource       : HikariPool-1 - Starting...
2024-03-27T16:10:11.829-03:00  WARN 81810 --- [joyapi] [main] c.zaxxer.hikari.util.DriverDataSource    : Registered driver with driverClassName=com.mysql.jdbc.Driver was not found, trying direct instantiation.
2024-03-27T16:10:11.916-03:00  INFO 81810 --- [joyapi] [main] com.zaxxer.hikari.pool.HikariPool        : HikariPool-1 - Added connection com.mysql.cj.jdbc.ConnectionImpl@1eb9bf60
2024-03-27T16:10:11.916-03:00  INFO 81810 --- [joyapi] [main] com.zaxxer.hikari.HikariDataSource       : HikariPool-1 - Start completed.
2024-03-27T16:10:11.943-03:00  WARN 81810 --- [joyapi] [main] org.hibernate.orm.deprecation            : HHH90000025: MySQLDialect does not need to be specified explicitly using 'hibernate.dialect' (remove the property setting and it will be selected by default)
2024-03-27T16:10:12.395-03:00  INFO 81810 --- [joyapi] [main] o.h.e.t.j.p.i.JtaPlatformInitiator       : HHH000489: No JTA platform available (set 'hibernate.transaction.jta.platform' to enable JTA platform integration)
2024-03-27T16:10:12.635-03:00  INFO 81810 --- [joyapi] [main] j.LocalContainerEntityManagerFactoryBean : Initialized JPA EntityManagerFactory for persistence unit 'default'
2024-03-27T16:10:12.661-03:00  WARN 81810 --- [joyapi] [main] JpaBaseConfiguration$JpaWebConfiguration : spring.jpa.open-in-view is enabled by default. Therefore, database queries may be performed during view rendering. Explicitly configure spring.jpa.open-in-view to disable this warning
2024-03-27T16:10:13.009-03:00  INFO 81810 --- [joyapi] [main] o.s.b.w.embedded.tomcat.TomcatWebServer  : Tomcat started on port 8080 (http) with context path ''
2024-03-27T16:10:13.015-03:00  INFO 81810 --- [joyapi] [main] br.com.api.joyapi.JoyApiApplication      : Started JoyApiApplication in 2.363 seconds (process running for 2.535)
2024-03-27T16:10:16.292-03:00  INFO 81810 --- [joyapi] [http-nio-8080-exec-1] o.a.c.c.C.[Tomcat].[localhost].[/]       : Initializing Spring DispatcherServlet 'dispatcherServlet'
2024-03-27T16:10:16.292-03:00  INFO 81810 --- [joyapi] [http-nio-8080-exec-1] o.s.web.servlet.DispatcherServlet        : Initializing Servlet 'dispatcherServlet'
2024-03-27T16:10:16.292-03:00  INFO 81810 --- [joyapi] [http-nio-8080-exec-1] o.s.web.servlet.DispatcherServlet        : Completed initialization in 0 ms
2024-03-27T16:12:20.007-03:00  INFO 81810 --- [joyapi] [SpringApplicationShutdownHook] j.LocalContainerEntityManagerFactoryBean : Closing JPA EntityManagerFactory for persistence unit 'default'
2024-03-27T16:12:20.010-03:00  INFO 81810 --- [joyapi] [SpringApplicationShutdownHook] com.zaxxer.hikari.HikariDataSource       : HikariPool-1 - Shutdown initiated...
2024-03-27T16:12:20.019-03:00  INFO 81810 --- [joyapi] [SpringApplicationShutdownHook] com.zaxxer.hikari.HikariDataSource       : HikariPool-1 - Shutdown completed.
2024-03-27T16:12:30.017-03:00  INFO 82611 --- [joyapi] [main] b.com.api.joyapi.JoyApiApplicationTests  : Starting JoyApiApplicationTests using Java 17.0.10 with PID 82611 (started by gabriel in /home/gabriel/Desktop/joyapi)
2024-03-27T16:12:30.018-03:00  INFO 82611 --- [joyapi] [main] b.com.api.joyapi.JoyApiApplicationTests  : No active profile set, falling back to 1 default profile: "default"
2024-03-27T16:12:30.472-03:00  INFO 82611 --- [joyapi] [main] .s.d.r.c.RepositoryConfigurationDelegate : Bootstrapping Spring Data JPA repositories in DEFAULT mode.
2024-03-27T16:12:30.512-03:00  INFO 82611 --- [joyapi] [main] .s.d.r.c.RepositoryConfigurationDelegate : Finished Spring Data repository scanning in 30 ms. Found 3 JPA repository interfaces.
2024-03-27T16:12:30.778-03:00  INFO 82611 --- [joyapi] [main] o.hibernate.jpa.internal.util.LogHelper  : HHH000204: Processing PersistenceUnitInfo [name: default]
2024-03-27T16:12:30.804-03:00  INFO 82611 --- [joyapi] [main] org.hibernate.Version                    : HHH000412: Hibernate ORM core version 6.4.4.Final
2024-03-27T16:12:30.822-03:00  INFO 82611 --- [joyapi] [main] o.h.c.internal.RegionFactoryInitiator    : HHH000026: Second-level cache disabled
2024-03-27T16:12:30.961-03:00  INFO 82611 --- [joyapi] [main] o.s.o.j.p.SpringPersistenceUnitInfo      : No LoadTimeWeaver setup: ignoring JPA class transformer
2024-03-27T16:12:30.975-03:00  INFO 82611 --- [joyapi] [main] com.zaxxer.hikari.HikariDataSource       : HikariPool-1 - Starting...
2024-03-27T16:12:30.977-03:00  WARN 82611 --- [joyapi] [main] c.zaxxer.hikari.util.DriverDataSource    : Registered driver with driverClassName=com.mysql.jdbc.Driver was not found, trying direct instantiation.
2024-03-27T16:12:31.086-03:00  INFO 82611 --- [joyapi] [main] com.zaxxer.hikari.pool.HikariPool        : HikariPool-1 - Added connection com.mysql.cj.jdbc.ConnectionImpl@10131289
2024-03-27T16:12:31.087-03:00  INFO 82611 --- [joyapi] [main] com.zaxxer.hikari.HikariDataSource       : HikariPool-1 - Start completed.
2024-03-27T16:12:31.118-03:00  WARN 82611 --- [joyapi] [main] org.hibernate.orm.deprecation            : HHH90000025: MySQLDialect does not need to be specified explicitly using 'hibernate.dialect' (remove the property setting and it will be selected by default)
2024-03-27T16:12:31.688-03:00  INFO 82611 --- [joyapi] [main] o.h.e.t.j.p.i.JtaPlatformInitiator       : HHH000489: No JTA platform available (set 'hibernate.transaction.jta.platform' to enable JTA platform integration)
2024-03-27T16:12:31.972-03:00  INFO 82611 --- [joyapi] [main] j.LocalContainerEntityManagerFactoryBean : Initialized JPA EntityManagerFactory for persistence unit 'default'
2024-03-27T16:12:32.064-03:00  WARN 82611 --- [joyapi] [main] JpaBaseConfiguration$JpaWebConfiguration : spring.jpa.open-in-view is enabled by default. Therefore, database queries may be performed during view rendering. Explicitly configure spring.jpa.open-in-view to disable this warning
2024-03-27T16:12:32.554-03:00  INFO 82611 --- [joyapi] [main] b.com.api.joyapi.JoyApiApplicationTests  : Started JoyApiApplicationTests in 2.727 seconds (process running for 3.452)
2024-03-27T16:12:32.948-03:00  INFO 82611 --- [joyapi] [SpringApplicationShutdownHook] j.LocalContainerEntityManagerFactoryBean : Closing JPA EntityManagerFactory for persistence unit 'default'
2024-03-27T16:12:32.949-03:00  INFO 82611 --- [joyapi] [SpringApplicationShutdownHook] com.zaxxer.hikari.HikariDataSource       : HikariPool-1 - Shutdown initiated...
2024-03-27T16:12:32.955-03:00  INFO 82611 --- [joyapi] [SpringApplicationShutdownHook] com.zaxxer.hikari.HikariDataSource       : HikariPool-1 - Shutdown completed.
2024-03-27T16:12:36.928-03:00  INFO 82756 --- [joyapi] [main] br.com.api.joyapi.JoyApiApplication      : Starting JoyApiApplication using Java 17.0.10 with PID 82756 (/home/gabriel/Desktop/joyapi/target/classes started by gabriel in /home/gabriel/Desktop/joyapi)
2024-03-27T16:12:36.929-03:00  INFO 82756 --- [joyapi] [main] br.com.api.joyapi.JoyApiApplication      : No active profile set, falling back to 1 default profile: "default"
2024-03-27T16:12:37.252-03:00  INFO 82756 --- [joyapi] [main] .s.d.r.c.RepositoryConfigurationDelegate : Bootstrapping Spring Data JPA repositories in DEFAULT mode.
2024-03-27T16:12:37.284-03:00  INFO 82756 --- [joyapi] [main] .s.d.r.c.RepositoryConfigurationDelegate : Finished Spring Data repository scanning in 27 ms. Found 3 JPA repository interfaces.
2024-03-27T16:12:37.541-03:00  INFO 82756 --- [joyapi] [main] o.s.b.w.embedded.tomcat.TomcatWebServer  : Tomcat initialized with port 8080 (http)
2024-03-27T16:12:37.548-03:00  INFO 82756 --- [joyapi] [main] o.apache.catalina.core.StandardService   : Starting service [Tomcat]
2024-03-27T16:12:37.548-03:00  INFO 82756 --- [joyapi] [main] o.apache.catalina.core.StandardEngine    : Starting Servlet engine: [Apache Tomcat/10.1.19]
2024-03-27T16:12:37.579-03:00  INFO 82756 --- [joyapi] [main] o.a.c.c.C.[Tomcat].[localhost].[/]       : Initializing Spring embedded WebApplicationContext
2024-03-27T16:12:37.579-03:00  INFO 82756 --- [joyapi] [main] w.s.c.ServletWebServerApplicationContext : Root WebApplicationContext: initialization completed in 619 ms
2024-03-27T16:12:37.664-03:00  INFO 82756 --- [joyapi] [main] o.hibernate.jpa.internal.util.LogHelper  : HHH000204: Processing PersistenceUnitInfo [name: default]
2024-03-27T16:12:37.687-03:00  INFO 82756 --- [joyapi] [main] org.hibernate.Version                    : HHH000412: Hibernate ORM core version 6.4.4.Final
2024-03-27T16:12:37.710-03:00  INFO 82756 --- [joyapi] [main] o.h.c.internal.RegionFactoryInitiator    : HHH000026: Second-level cache disabled
2024-03-27T16:12:37.809-03:00  INFO 82756 --- [joyapi] [main] o.s.o.j.p.SpringPersistenceUnitInfo      : No LoadTimeWeaver setup: ignoring JPA class transformer
2024-03-27T16:12:37.820-03:00  INFO 82756 --- [joyapi] [main] com.zaxxer.hikari.HikariDataSource       : HikariPool-1 - Starting...
2024-03-27T16:12:37.823-03:00  WARN 82756 --- [joyapi] [main] c.zaxxer.hikari.util.DriverDataSource    : Registered driver with driverClassName=com.mysql.jdbc.Driver was not found, trying direct instantiation.
2024-03-27T16:12:37.894-03:00  INFO 82756 --- [joyapi] [main] com.zaxxer.hikari.pool.HikariPool        : HikariPool-1 - Added connection com.mysql.cj.jdbc.ConnectionImpl@6f15f52a
2024-03-27T16:12:37.895-03:00  INFO 82756 --- [joyapi] [main] com.zaxxer.hikari.HikariDataSource       : HikariPool-1 - Start completed.
2024-03-27T16:12:37.921-03:00  WARN 82756 --- [joyapi] [main] org.hibernate.orm.deprecation            : HHH90000025: MySQLDialect does not need to be specified explicitly using 'hibernate.dialect' (remove the property setting and it will be selected by default)
2024-03-27T16:12:38.382-03:00  INFO 82756 --- [joyapi] [main] o.h.e.t.j.p.i.JtaPlatformInitiator       : HHH000489: No JTA platform available (set 'hibernate.transaction.jta.platform' to enable JTA platform integration)
2024-03-27T16:12:38.624-03:00  INFO 82756 --- [joyapi] [main] j.LocalContainerEntityManagerFactoryBean : Initialized JPA EntityManagerFactory for persistence unit 'default'
2024-03-27T16:12:38.649-03:00  WARN 82756 --- [joyapi] [main] JpaBaseConfiguration$JpaWebConfiguration : spring.jpa.open-in-view is enabled by default. Therefore, database queries may be performed during view rendering. Explicitly configure spring.jpa.open-in-view to disable this warning
2024-03-27T16:12:39.008-03:00  INFO 82756 --- [joyapi] [main] o.s.b.w.embedded.tomcat.TomcatWebServer  : Tomcat started on port 8080 (http) with context path ''
2024-03-27T16:12:39.014-03:00  INFO 82756 --- [joyapi] [main] br.com.api.joyapi.JoyApiApplication      : Started JoyApiApplication in 2.328 seconds (process running for 2.499)
2024-03-27T16:12:42.172-03:00  INFO 82756 --- [joyapi] [http-nio-8080-exec-1] o.a.c.c.C.[Tomcat].[localhost].[/]       : Initializing Spring DispatcherServlet 'dispatcherServlet'
2024-03-27T16:12:42.172-03:00  INFO 82756 --- [joyapi] [http-nio-8080-exec-1] o.s.web.servlet.DispatcherServlet        : Initializing Servlet 'dispatcherServlet'
2024-03-27T16:12:42.173-03:00  INFO 82756 --- [joyapi] [http-nio-8080-exec-1] o.s.web.servlet.DispatcherServlet        : Completed initialization in 1 ms
2024-03-27T16:14:04.545-03:00  INFO 82756 --- [joyapi] [SpringApplicationShutdownHook] j.LocalContainerEntityManagerFactoryBean : Closing JPA EntityManagerFactory for persistence unit 'default'
2024-03-27T16:14:04.546-03:00  INFO 82756 --- [joyapi] [SpringApplicationShutdownHook] com.zaxxer.hikari.HikariDataSource       : HikariPool-1 - Shutdown initiated...
2024-03-27T16:14:04.554-03:00  INFO 82756 --- [joyapi] [SpringApplicationShutdownHook] com.zaxxer.hikari.HikariDataSource       : HikariPool-1 - Shutdown completed.
2024-03-27T16:14:11.782-03:00  INFO 83315 --- [joyapi] [main] b.com.api.joyapi.JoyApiApplicationTests  : Starting JoyApiApplicationTests using Java 17.0.10 with PID 83315 (started by gabriel in /home/gabriel/Desktop/joyapi)
2024-03-27T16:14:11.783-03:00  INFO 83315 --- [joyapi] [main] b.com.api.joyapi.JoyApiApplicationTests  : No active profile set, falling back to 1 default profile: "default"
2024-03-27T16:14:12.155-03:00  INFO 83315 --- [joyapi] [main] .s.d.r.c.RepositoryConfigurationDelegate : Bootstrapping Spring Data JPA repositories in DEFAULT mode.
2024-03-27T16:14:12.193-03:00  INFO 83315 --- [joyapi] [main] .s.d.r.c.RepositoryConfigurationDelegate : Finished Spring Data repository scanning in 34 ms. Found 3 JPA repository interfaces.
2024-03-27T16:14:12.435-03:00  INFO 83315 --- [joyapi] [main] o.hibernate.jpa.internal.util.LogHelper  : HHH000204: Processing PersistenceUnitInfo [name: default]
2024-03-27T16:14:12.462-03:00  INFO 83315 --- [joyapi] [main] org.hibernate.Version                    : HHH000412: Hibernate ORM core version 6.4.4.Final
2024-03-27T16:14:12.484-03:00  INFO 83315 --- [joyapi] [main] o.h.c.internal.RegionFactoryInitiator    : HHH000026: Second-level cache disabled
2024-03-27T16:14:12.607-03:00  INFO 83315 --- [joyapi] [main] o.s.o.j.p.SpringPersistenceUnitInfo      : No LoadTimeWeaver setup: ignoring JPA class transformer
2024-03-27T16:14:12.628-03:00  INFO 83315 --- [joyapi] [main] com.zaxxer.hikari.HikariDataSource       : HikariPool-1 - Starting...
2024-03-27T16:14:12.630-03:00  WARN 83315 --- [joyapi] [main] c.zaxxer.hikari.util.DriverDataSource    : Registered driver with driverClassName=com.mysql.jdbc.Driver was not found, trying direct instantiation.
2024-03-27T16:14:12.738-03:00  INFO 83315 --- [joyapi] [main] com.zaxxer.hikari.pool.HikariPool        : HikariPool-1 - Added connection com.mysql.cj.jdbc.ConnectionImpl@7f4e5a39
2024-03-27T16:14:12.739-03:00  INFO 83315 --- [joyapi] [main] com.zaxxer.hikari.HikariDataSource       : HikariPool-1 - Start completed.
2024-03-27T16:14:12.770-03:00  WARN 83315 --- [joyapi] [main] org.hibernate.orm.deprecation            : HHH90000025: MySQLDialect does not need to be specified explicitly using 'hibernate.dialect' (remove the property setting and it will be selected by default)
2024-03-27T16:14:13.314-03:00  INFO 83315 --- [joyapi] [main] o.h.e.t.j.p.i.JtaPlatformInitiator       : HHH000489: No JTA platform available (set 'hibernate.transaction.jta.platform' to enable JTA platform integration)
2024-03-27T16:14:13.579-03:00  INFO 83315 --- [joyapi] [main] j.LocalContainerEntityManagerFactoryBean : Initialized JPA EntityManagerFactory for persistence unit 'default'
2024-03-27T16:14:13.589-03:00  INFO 83315 --- [joyapi] [main] f.a.AutowiredAnnotationBeanPostProcessor : Autowired annotation is not supported on static fields: private static br.com.api.joyapi.repository.OrganizerRepository br.com.api.joyapi.service.OrganizerService.repository
2024-03-27T16:14:13.673-03:00  WARN 83315 --- [joyapi] [main] JpaBaseConfiguration$JpaWebConfiguration : spring.jpa.open-in-view is enabled by default. Therefore, database queries may be performed during view rendering. Explicitly configure spring.jpa.open-in-view to disable this warning
2024-03-27T16:14:14.156-03:00  INFO 83315 --- [joyapi] [main] b.com.api.joyapi.JoyApiApplicationTests  : Started JoyApiApplicationTests in 2.592 seconds (process running for 3.175)
2024-03-27T16:14:14.545-03:00  INFO 83315 --- [joyapi] [SpringApplicationShutdownHook] j.LocalContainerEntityManagerFactoryBean : Closing JPA EntityManagerFactory for persistence unit 'default'
2024-03-27T16:14:14.547-03:00  INFO 83315 --- [joyapi] [SpringApplicationShutdownHook] com.zaxxer.hikari.HikariDataSource       : HikariPool-1 - Shutdown initiated...
2024-03-27T16:14:14.552-03:00  INFO 83315 --- [joyapi] [SpringApplicationShutdownHook] com.zaxxer.hikari.HikariDataSource       : HikariPool-1 - Shutdown completed.
2024-03-27T16:14:18.797-03:00  INFO 83479 --- [joyapi] [main] br.com.api.joyapi.JoyApiApplication      : Starting JoyApiApplication using Java 17.0.10 with PID 83479 (/home/gabriel/Desktop/joyapi/target/classes started by gabriel in /home/gabriel/Desktop/joyapi)
2024-03-27T16:14:18.798-03:00  INFO 83479 --- [joyapi] [main] br.com.api.joyapi.JoyApiApplication      : No active profile set, falling back to 1 default profile: "default"
2024-03-27T16:14:19.118-03:00  INFO 83479 --- [joyapi] [main] .s.d.r.c.RepositoryConfigurationDelegate : Bootstrapping Spring Data JPA repositories in DEFAULT mode.
2024-03-27T16:14:19.149-03:00  INFO 83479 --- [joyapi] [main] .s.d.r.c.RepositoryConfigurationDelegate : Finished Spring Data repository scanning in 27 ms. Found 3 JPA repository interfaces.
2024-03-27T16:14:19.390-03:00  INFO 83479 --- [joyapi] [main] o.s.b.w.embedded.tomcat.TomcatWebServer  : Tomcat initialized with port 8080 (http)
2024-03-27T16:14:19.396-03:00  INFO 83479 --- [joyapi] [main] o.apache.catalina.core.StandardService   : Starting service [Tomcat]
2024-03-27T16:14:19.396-03:00  INFO 83479 --- [joyapi] [main] o.apache.catalina.core.StandardEngine    : Starting Servlet engine: [Apache Tomcat/10.1.19]
2024-03-27T16:14:19.426-03:00  INFO 83479 --- [joyapi] [main] o.a.c.c.C.[Tomcat].[localhost].[/]       : Initializing Spring embedded WebApplicationContext
2024-03-27T16:14:19.427-03:00  INFO 83479 --- [joyapi] [main] w.s.c.ServletWebServerApplicationContext : Root WebApplicationContext: initialization completed in 599 ms
2024-03-27T16:14:19.510-03:00  INFO 83479 --- [joyapi] [main] o.hibernate.jpa.internal.util.LogHelper  : HHH000204: Processing PersistenceUnitInfo [name: default]
2024-03-27T16:14:19.533-03:00  INFO 83479 --- [joyapi] [main] org.hibernate.Version                    : HHH000412: Hibernate ORM core version 6.4.4.Final
2024-03-27T16:14:19.555-03:00  INFO 83479 --- [joyapi] [main] o.h.c.internal.RegionFactoryInitiator    : HHH000026: Second-level cache disabled
2024-03-27T16:14:19.649-03:00  INFO 83479 --- [joyapi] [main] o.s.o.j.p.SpringPersistenceUnitInfo      : No LoadTimeWeaver setup: ignoring JPA class transformer
2024-03-27T16:14:19.660-03:00  INFO 83479 --- [joyapi] [main] com.zaxxer.hikari.HikariDataSource       : HikariPool-1 - Starting...
2024-03-27T16:14:19.662-03:00  WARN 83479 --- [joyapi] [main] c.zaxxer.hikari.util.DriverDataSource    : Registered driver with driverClassName=com.mysql.jdbc.Driver was not found, trying direct instantiation.
2024-03-27T16:14:19.732-03:00  INFO 83479 --- [joyapi] [main] com.zaxxer.hikari.pool.HikariPool        : HikariPool-1 - Added connection com.mysql.cj.jdbc.ConnectionImpl@682e445e
2024-03-27T16:14:19.733-03:00  INFO 83479 --- [joyapi] [main] com.zaxxer.hikari.HikariDataSource       : HikariPool-1 - Start completed.
2024-03-27T16:14:19.762-03:00  WARN 83479 --- [joyapi] [main] org.hibernate.orm.deprecation            : HHH90000025: MySQLDialect does not need to be specified explicitly using 'hibernate.dialect' (remove the property setting and it will be selected by default)
2024-03-27T16:14:20.205-03:00  INFO 83479 --- [joyapi] [main] o.h.e.t.j.p.i.JtaPlatformInitiator       : HHH000489: No JTA platform available (set 'hibernate.transaction.jta.platform' to enable JTA platform integration)
2024-03-27T16:14:20.430-03:00  INFO 83479 --- [joyapi] [main] j.LocalContainerEntityManagerFactoryBean : Initialized JPA EntityManagerFactory for persistence unit 'default'
2024-03-27T16:14:20.438-03:00  INFO 83479 --- [joyapi] [main] f.a.AutowiredAnnotationBeanPostProcessor : Autowired annotation is not supported on static fields: private static br.com.api.joyapi.repository.OrganizerRepository br.com.api.joyapi.service.OrganizerService.repository
2024-03-27T16:14:20.456-03:00  WARN 83479 --- [joyapi] [main] JpaBaseConfiguration$JpaWebConfiguration : spring.jpa.open-in-view is enabled by default. Therefore, database queries may be performed during view rendering. Explicitly configure spring.jpa.open-in-view to disable this warning
2024-03-27T16:14:20.815-03:00  INFO 83479 --- [joyapi] [main] o.s.b.w.embedded.tomcat.TomcatWebServer  : Tomcat started on port 8080 (http) with context path ''
2024-03-27T16:14:20.823-03:00  INFO 83479 --- [joyapi] [main] br.com.api.joyapi.JoyApiApplication      : Started JoyApiApplication in 2.237 seconds (process running for 2.379)
2024-03-27T16:14:24.705-03:00  INFO 83479 --- [joyapi] [http-nio-8080-exec-1] o.a.c.c.C.[Tomcat].[localhost].[/]       : Initializing Spring DispatcherServlet 'dispatcherServlet'
2024-03-27T16:14:24.705-03:00  INFO 83479 --- [joyapi] [http-nio-8080-exec-1] o.s.web.servlet.DispatcherServlet        : Initializing Servlet 'dispatcherServlet'
2024-03-27T16:14:24.706-03:00  INFO 83479 --- [joyapi] [http-nio-8080-exec-1] o.s.web.servlet.DispatcherServlet        : Completed initialization in 1 ms
2024-03-27T16:14:30.603-03:00  INFO 83479 --- [joyapi] [SpringApplicationShutdownHook] j.LocalContainerEntityManagerFactoryBean : Closing JPA EntityManagerFactory for persistence unit 'default'
2024-03-27T16:14:30.606-03:00  INFO 83479 --- [joyapi] [SpringApplicationShutdownHook] com.zaxxer.hikari.HikariDataSource       : HikariPool-1 - Shutdown initiated...
2024-03-27T16:14:30.611-03:00  INFO 83479 --- [joyapi] [SpringApplicationShutdownHook] com.zaxxer.hikari.HikariDataSource       : HikariPool-1 - Shutdown completed.
2024-03-27T16:19:32.677-03:00  INFO 85160 --- [joyapi] [main] b.com.api.joyapi.JoyApiApplicationTests  : Starting JoyApiApplicationTests using Java 17.0.10 with PID 85160 (started by gabriel in /home/gabriel/Desktop/joyapi)
2024-03-27T16:19:32.678-03:00  INFO 85160 --- [joyapi] [main] b.com.api.joyapi.JoyApiApplicationTests  : No active profile set, falling back to 1 default profile: "default"
2024-03-27T16:19:33.103-03:00  INFO 85160 --- [joyapi] [main] .s.d.r.c.RepositoryConfigurationDelegate : Bootstrapping Spring Data JPA repositories in DEFAULT mode.
2024-03-27T16:19:33.141-03:00  INFO 85160 --- [joyapi] [main] .s.d.r.c.RepositoryConfigurationDelegate : Finished Spring Data repository scanning in 33 ms. Found 3 JPA repository interfaces.
2024-03-27T16:19:33.503-03:00  INFO 85160 --- [joyapi] [main] o.hibernate.jpa.internal.util.LogHelper  : HHH000204: Processing PersistenceUnitInfo [name: default]
2024-03-27T16:19:33.554-03:00  INFO 85160 --- [joyapi] [main] org.hibernate.Version                    : HHH000412: Hibernate ORM core version 6.4.4.Final
2024-03-27T16:19:33.587-03:00  INFO 85160 --- [joyapi] [main] o.h.c.internal.RegionFactoryInitiator    : HHH000026: Second-level cache disabled
2024-03-27T16:19:33.746-03:00  INFO 85160 --- [joyapi] [main] o.s.o.j.p.SpringPersistenceUnitInfo      : No LoadTimeWeaver setup: ignoring JPA class transformer
2024-03-27T16:19:33.762-03:00  INFO 85160 --- [joyapi] [main] com.zaxxer.hikari.HikariDataSource       : HikariPool-1 - Starting...
2024-03-27T16:19:33.765-03:00  WARN 85160 --- [joyapi] [main] c.zaxxer.hikari.util.DriverDataSource    : Registered driver with driverClassName=com.mysql.jdbc.Driver was not found, trying direct instantiation.
2024-03-27T16:19:33.890-03:00  INFO 85160 --- [joyapi] [main] com.zaxxer.hikari.pool.HikariPool        : HikariPool-1 - Added connection com.mysql.cj.jdbc.ConnectionImpl@19eea77c
2024-03-27T16:19:33.892-03:00  INFO 85160 --- [joyapi] [main] com.zaxxer.hikari.HikariDataSource       : HikariPool-1 - Start completed.
2024-03-27T16:19:33.929-03:00  WARN 85160 --- [joyapi] [main] org.hibernate.orm.deprecation            : HHH90000025: MySQLDialect does not need to be specified explicitly using 'hibernate.dialect' (remove the property setting and it will be selected by default)
2024-03-27T16:19:34.625-03:00  INFO 85160 --- [joyapi] [main] o.h.e.t.j.p.i.JtaPlatformInitiator       : HHH000489: No JTA platform available (set 'hibernate.transaction.jta.platform' to enable JTA platform integration)
2024-03-27T16:19:34.891-03:00  INFO 85160 --- [joyapi] [main] j.LocalContainerEntityManagerFactoryBean : Initialized JPA EntityManagerFactory for persistence unit 'default'
2024-03-27T16:19:35.252-03:00  WARN 85160 --- [joyapi] [main] JpaBaseConfiguration$JpaWebConfiguration : spring.jpa.open-in-view is enabled by default. Therefore, database queries may be performed during view rendering. Explicitly configure spring.jpa.open-in-view to disable this warning
2024-03-27T16:19:35.641-03:00  INFO 85160 --- [joyapi] [main] b.com.api.joyapi.JoyApiApplicationTests  : Started JoyApiApplicationTests in 3.179 seconds (process running for 3.818)
2024-03-27T16:19:36.084-03:00  INFO 85160 --- [joyapi] [SpringApplicationShutdownHook] j.LocalContainerEntityManagerFactoryBean : Closing JPA EntityManagerFactory for persistence unit 'default'
2024-03-27T16:19:36.086-03:00  INFO 85160 --- [joyapi] [SpringApplicationShutdownHook] com.zaxxer.hikari.HikariDataSource       : HikariPool-1 - Shutdown initiated...
2024-03-27T16:19:36.093-03:00  INFO 85160 --- [joyapi] [SpringApplicationShutdownHook] com.zaxxer.hikari.HikariDataSource       : HikariPool-1 - Shutdown completed.
2024-03-27T16:19:48.736-03:00  INFO 85350 --- [joyapi] [main] br.com.api.joyapi.JoyApiApplication      : Starting JoyApiApplication using Java 17.0.10 with PID 85350 (/home/gabriel/Desktop/joyapi/target/classes started by gabriel in /home/gabriel/Desktop/joyapi)
2024-03-27T16:19:48.737-03:00  INFO 85350 --- [joyapi] [main] br.com.api.joyapi.JoyApiApplication      : No active profile set, falling back to 1 default profile: "default"
2024-03-27T16:19:49.049-03:00  INFO 85350 --- [joyapi] [main] .s.d.r.c.RepositoryConfigurationDelegate : Bootstrapping Spring Data JPA repositories in DEFAULT mode.
2024-03-27T16:19:49.084-03:00  INFO 85350 --- [joyapi] [main] .s.d.r.c.RepositoryConfigurationDelegate : Finished Spring Data repository scanning in 30 ms. Found 3 JPA repository interfaces.
2024-03-27T16:19:49.342-03:00  INFO 85350 --- [joyapi] [main] o.s.b.w.embedded.tomcat.TomcatWebServer  : Tomcat initialized with port 8080 (http)
2024-03-27T16:19:49.350-03:00  INFO 85350 --- [joyapi] [main] o.apache.catalina.core.StandardService   : Starting service [Tomcat]
2024-03-27T16:19:49.350-03:00  INFO 85350 --- [joyapi] [main] o.apache.catalina.core.StandardEngine    : Starting Servlet engine: [Apache Tomcat/10.1.19]
2024-03-27T16:19:49.385-03:00  INFO 85350 --- [joyapi] [main] o.a.c.c.C.[Tomcat].[localhost].[/]       : Initializing Spring embedded WebApplicationContext
2024-03-27T16:19:49.386-03:00  INFO 85350 --- [joyapi] [main] w.s.c.ServletWebServerApplicationContext : Root WebApplicationContext: initialization completed in 626 ms
2024-03-27T16:19:49.470-03:00  INFO 85350 --- [joyapi] [main] o.hibernate.jpa.internal.util.LogHelper  : HHH000204: Processing PersistenceUnitInfo [name: default]
2024-03-27T16:19:49.499-03:00  INFO 85350 --- [joyapi] [main] org.hibernate.Version                    : HHH000412: Hibernate ORM core version 6.4.4.Final
2024-03-27T16:19:49.515-03:00  INFO 85350 --- [joyapi] [main] o.h.c.internal.RegionFactoryInitiator    : HHH000026: Second-level cache disabled
2024-03-27T16:19:49.613-03:00  INFO 85350 --- [joyapi] [main] o.s.o.j.p.SpringPersistenceUnitInfo      : No LoadTimeWeaver setup: ignoring JPA class transformer
2024-03-27T16:19:49.626-03:00  INFO 85350 --- [joyapi] [main] com.zaxxer.hikari.HikariDataSource       : HikariPool-1 - Starting...
2024-03-27T16:19:49.628-03:00  WARN 85350 --- [joyapi] [main] c.zaxxer.hikari.util.DriverDataSource    : Registered driver with driverClassName=com.mysql.jdbc.Driver was not found, trying direct instantiation.
2024-03-27T16:19:49.704-03:00  INFO 85350 --- [joyapi] [main] com.zaxxer.hikari.pool.HikariPool        : HikariPool-1 - Added connection com.mysql.cj.jdbc.ConnectionImpl@5ba1b62e
2024-03-27T16:19:49.705-03:00  INFO 85350 --- [joyapi] [main] com.zaxxer.hikari.HikariDataSource       : HikariPool-1 - Start completed.
2024-03-27T16:19:49.732-03:00  WARN 85350 --- [joyapi] [main] org.hibernate.orm.deprecation            : HHH90000025: MySQLDialect does not need to be specified explicitly using 'hibernate.dialect' (remove the property setting and it will be selected by default)
2024-03-27T16:19:50.186-03:00  INFO 85350 --- [joyapi] [main] o.h.e.t.j.p.i.JtaPlatformInitiator       : HHH000489: No JTA platform available (set 'hibernate.transaction.jta.platform' to enable JTA platform integration)
2024-03-27T16:19:50.416-03:00  INFO 85350 --- [joyapi] [main] j.LocalContainerEntityManagerFactoryBean : Initialized JPA EntityManagerFactory for persistence unit 'default'
2024-03-27T16:19:50.591-03:00  WARN 85350 --- [joyapi] [main] JpaBaseConfiguration$JpaWebConfiguration : spring.jpa.open-in-view is enabled by default. Therefore, database queries may be performed during view rendering. Explicitly configure spring.jpa.open-in-view to disable this warning
2024-03-27T16:19:50.807-03:00  INFO 85350 --- [joyapi] [main] o.s.b.w.embedded.tomcat.TomcatWebServer  : Tomcat started on port 8080 (http) with context path ''
2024-03-27T16:19:50.813-03:00  INFO 85350 --- [joyapi] [main] br.com.api.joyapi.JoyApiApplication      : Started JoyApiApplication in 2.288 seconds (process running for 2.432)
2024-03-27T16:19:54.160-03:00  INFO 85350 --- [joyapi] [http-nio-8080-exec-1] o.a.c.c.C.[Tomcat].[localhost].[/]       : Initializing Spring DispatcherServlet 'dispatcherServlet'
2024-03-27T16:19:54.160-03:00  INFO 85350 --- [joyapi] [http-nio-8080-exec-1] o.s.web.servlet.DispatcherServlet        : Initializing Servlet 'dispatcherServlet'
2024-03-27T16:19:54.161-03:00  INFO 85350 --- [joyapi] [http-nio-8080-exec-1] o.s.web.servlet.DispatcherServlet        : Completed initialization in 1 ms
2024-03-27T16:20:00.536-03:00  WARN 85350 --- [joyapi] [http-nio-8080-exec-2] o.h.engine.jdbc.spi.SqlExceptionHelper   : SQL Error: 1062, SQLState: 23000
2024-03-27T16:20:00.536-03:00 ERROR 85350 --- [joyapi] [http-nio-8080-exec-2] o.h.engine.jdbc.spi.SqlExceptionHelper   : Duplicate entry 'johndoe@example.com' for key 'organizer.UK_s25r3nckqlux0klke4y3yb9u0'
2024-03-27T16:20:17.818-03:00  WARN 85350 --- [joyapi] [http-nio-8080-exec-3] o.h.engine.jdbc.spi.SqlExceptionHelper   : SQL Error: 1062, SQLState: 23000
2024-03-27T16:20:17.818-03:00 ERROR 85350 --- [joyapi] [http-nio-8080-exec-3] o.h.engine.jdbc.spi.SqlExceptionHelper   : Duplicate entry 'johndoe' for key 'organizer.UK_tc3i71gqxj32u2m7cxighjevb'
2024-03-27T16:40:04.639-03:00  WARN 85350 --- [joyapi] [http-nio-8080-exec-6] .w.s.m.s.DefaultHandlerExceptionResolver : Resolved [org.springframework.web.HttpRequestMethodNotSupportedException: Request method 'GET' is not supported]
2024-03-27T16:41:25.410-03:00 ERROR 85350 --- [joyapi] [http-nio-8080-exec-9] o.a.c.c.C.[.[.[/].[dispatcherServlet]    : Servlet.service() for servlet [dispatcherServlet] in context with path [] threw exception [Request processing failed: java.lang.NullPointerException: Cannot invoke "br.com.api.joyapi.repository.EventRepository.findAll()" because "br.com.api.joyapi.service.EventService.repository" is null] with root cause

java.lang.NullPointerException: Cannot invoke "br.com.api.joyapi.repository.EventRepository.findAll()" because "br.com.api.joyapi.service.EventService.repository" is null
	at br.com.api.joyapi.service.EventService.getAllEvents(EventService.java:18) ~[classes/:na]
	at br.com.api.joyapi.controllers.EventController.getAll(EventController.java:29) ~[classes/:na]
	at java.base/jdk.internal.reflect.NativeMethodAccessorImpl.invoke0(Native Method) ~[na:na]
	at java.base/jdk.internal.reflect.NativeMethodAccessorImpl.invoke(NativeMethodAccessorImpl.java:77) ~[na:na]
	at java.base/jdk.internal.reflect.DelegatingMethodAccessorImpl.invoke(DelegatingMethodAccessorImpl.java:43) ~[na:na]
	at java.base/java.lang.reflect.Method.invoke(Method.java:568) ~[na:na]
	at org.springframework.web.method.support.InvocableHandlerMethod.doInvoke(InvocableHandlerMethod.java:255) ~[spring-web-6.1.5.jar:6.1.5]
	at org.springframework.web.method.support.InvocableHandlerMethod.invokeForRequest(InvocableHandlerMethod.java:188) ~[spring-web-6.1.5.jar:6.1.5]
	at org.springframework.web.servlet.mvc.method.annotation.ServletInvocableHandlerMethod.invokeAndHandle(ServletInvocableHandlerMethod.java:118) ~[spring-webmvc-6.1.5.jar:6.1.5]
	at org.springframework.web.servlet.mvc.method.annotation.RequestMappingHandlerAdapter.invokeHandlerMethod(RequestMappingHandlerAdapter.java:925) ~[spring-webmvc-6.1.5.jar:6.1.5]
	at org.springframework.web.servlet.mvc.method.annotation.RequestMappingHandlerAdapter.handleInternal(RequestMappingHandlerAdapter.java:830) ~[spring-webmvc-6.1.5.jar:6.1.5]
	at org.springframework.web.servlet.mvc.method.AbstractHandlerMethodAdapter.handle(AbstractHandlerMethodAdapter.java:87) ~[spring-webmvc-6.1.5.jar:6.1.5]
	at org.springframework.web.servlet.DispatcherServlet.doDispatch(DispatcherServlet.java:1089) ~[spring-webmvc-6.1.5.jar:6.1.5]
	at org.springframework.web.servlet.DispatcherServlet.doService(DispatcherServlet.java:979) ~[spring-webmvc-6.1.5.jar:6.1.5]
	at org.springframework.web.servlet.FrameworkServlet.processRequest(FrameworkServlet.java:1014) ~[spring-webmvc-6.1.5.jar:6.1.5]
	at org.springframework.web.servlet.FrameworkServlet.doGet(FrameworkServlet.java:903) ~[spring-webmvc-6.1.5.jar:6.1.5]
	at jakarta.servlet.http.HttpServlet.service(HttpServlet.java:564) ~[tomcat-embed-core-10.1.19.jar:6.0]
	at org.springframework.web.servlet.FrameworkServlet.service(FrameworkServlet.java:885) ~[spring-webmvc-6.1.5.jar:6.1.5]
	at jakarta.servlet.http.HttpServlet.service(HttpServlet.java:658) ~[tomcat-embed-core-10.1.19.jar:6.0]
	at org.apache.catalina.core.ApplicationFilterChain.internalDoFilter(ApplicationFilterChain.java:205) ~[tomcat-embed-core-10.1.19.jar:10.1.19]
	at org.apache.catalina.core.ApplicationFilterChain.doFilter(ApplicationFilterChain.java:149) ~[tomcat-embed-core-10.1.19.jar:10.1.19]
	at org.apache.tomcat.websocket.server.WsFilter.doFilter(WsFilter.java:51) ~[tomcat-embed-websocket-10.1.19.jar:10.1.19]
	at org.apache.catalina.core.ApplicationFilterChain.internalDoFilter(ApplicationFilterChain.java:174) ~[tomcat-embed-core-10.1.19.jar:10.1.19]
	at org.apache.catalina.core.ApplicationFilterChain.doFilter(ApplicationFilterChain.java:149) ~[tomcat-embed-core-10.1.19.jar:10.1.19]
	at org.springframework.web.filter.RequestContextFilter.doFilterInternal(RequestContextFilter.java:100) ~[spring-web-6.1.5.jar:6.1.5]
	at org.springframework.web.filter.OncePerRequestFilter.doFilter(OncePerRequestFilter.java:116) ~[spring-web-6.1.5.jar:6.1.5]
	at org.apache.catalina.core.ApplicationFilterChain.internalDoFilter(ApplicationFilterChain.java:174) ~[tomcat-embed-core-10.1.19.jar:10.1.19]
	at org.apache.catalina.core.ApplicationFilterChain.doFilter(ApplicationFilterChain.java:149) ~[tomcat-embed-core-10.1.19.jar:10.1.19]
	at org.springframework.web.filter.FormContentFilter.doFilterInternal(FormContentFilter.java:93) ~[spring-web-6.1.5.jar:6.1.5]
	at org.springframework.web.filter.OncePerRequestFilter.doFilter(OncePerRequestFilter.java:116) ~[spring-web-6.1.5.jar:6.1.5]
	at org.apache.catalina.core.ApplicationFilterChain.internalDoFilter(ApplicationFilterChain.java:174) ~[tomcat-embed-core-10.1.19.jar:10.1.19]
	at org.apache.catalina.core.ApplicationFilterChain.doFilter(ApplicationFilterChain.java:149) ~[tomcat-embed-core-10.1.19.jar:10.1.19]
	at org.springframework.web.filter.CharacterEncodingFilter.doFilterInternal(CharacterEncodingFilter.java:201) ~[spring-web-6.1.5.jar:6.1.5]
	at org.springframework.web.filter.OncePerRequestFilter.doFilter(OncePerRequestFilter.java:116) ~[spring-web-6.1.5.jar:6.1.5]
	at org.apache.catalina.core.ApplicationFilterChain.internalDoFilter(ApplicationFilterChain.java:174) ~[tomcat-embed-core-10.1.19.jar:10.1.19]
	at org.apache.catalina.core.ApplicationFilterChain.doFilter(ApplicationFilterChain.java:149) ~[tomcat-embed-core-10.1.19.jar:10.1.19]
	at org.apache.catalina.core.StandardWrapperValve.invoke(StandardWrapperValve.java:167) ~[tomcat-embed-core-10.1.19.jar:10.1.19]
	at org.apache.catalina.core.StandardContextValve.invoke(StandardContextValve.java:90) ~[tomcat-embed-core-10.1.19.jar:10.1.19]
	at org.apache.catalina.authenticator.AuthenticatorBase.invoke(AuthenticatorBase.java:482) ~[tomcat-embed-core-10.1.19.jar:10.1.19]
	at org.apache.catalina.core.StandardHostValve.invoke(StandardHostValve.java:115) ~[tomcat-embed-core-10.1.19.jar:10.1.19]
	at org.apache.catalina.valves.ErrorReportValve.invoke(ErrorReportValve.java:93) ~[tomcat-embed-core-10.1.19.jar:10.1.19]
	at org.apache.catalina.core.StandardEngineValve.invoke(StandardEngineValve.java:74) ~[tomcat-embed-core-10.1.19.jar:10.1.19]
	at org.apache.catalina.connector.CoyoteAdapter.service(CoyoteAdapter.java:344) ~[tomcat-embed-core-10.1.19.jar:10.1.19]
	at org.apache.coyote.http11.Http11Processor.service(Http11Processor.java:391) ~[tomcat-embed-core-10.1.19.jar:10.1.19]
	at org.apache.coyote.AbstractProcessorLight.process(AbstractProcessorLight.java:63) ~[tomcat-embed-core-10.1.19.jar:10.1.19]
	at org.apache.coyote.AbstractProtocol$ConnectionHandler.process(AbstractProtocol.java:896) ~[tomcat-embed-core-10.1.19.jar:10.1.19]
	at org.apache.tomcat.util.net.NioEndpoint$SocketProcessor.doRun(NioEndpoint.java:1744) ~[tomcat-embed-core-10.1.19.jar:10.1.19]
	at org.apache.tomcat.util.net.SocketProcessorBase.run(SocketProcessorBase.java:52) ~[tomcat-embed-core-10.1.19.jar:10.1.19]
	at org.apache.tomcat.util.threads.ThreadPoolExecutor.runWorker(ThreadPoolExecutor.java:1191) ~[tomcat-embed-core-10.1.19.jar:10.1.19]
	at org.apache.tomcat.util.threads.ThreadPoolExecutor$Worker.run(ThreadPoolExecutor.java:659) ~[tomcat-embed-core-10.1.19.jar:10.1.19]
	at org.apache.tomcat.util.threads.TaskThread$WrappingRunnable.run(TaskThread.java:63) ~[tomcat-embed-core-10.1.19.jar:10.1.19]
	at java.base/java.lang.Thread.run(Thread.java:840) ~[na:na]

2024-03-27T16:42:01.401-03:00  INFO 85350 --- [joyapi] [SpringApplicationShutdownHook] j.LocalContainerEntityManagerFactoryBean : Closing JPA EntityManagerFactory for persistence unit 'default'
2024-03-27T16:42:01.405-03:00  INFO 85350 --- [joyapi] [SpringApplicationShutdownHook] com.zaxxer.hikari.HikariDataSource       : HikariPool-1 - Shutdown initiated...
2024-03-27T16:42:01.417-03:00  INFO 85350 --- [joyapi] [SpringApplicationShutdownHook] com.zaxxer.hikari.HikariDataSource       : HikariPool-1 - Shutdown completed.
2024-03-27T22:04:01.996-03:00  INFO 5424 --- [joyapi] [main] br.com.api.joyapi.JoyApiApplication      : Starting JoyApiApplication using Java 17.0.10 with PID 5424 (/home/gabriel/Desktop/joyapi/target/classes started by gabriel in /home/gabriel/Desktop/joyapi)
2024-03-27T22:04:01.998-03:00  INFO 5424 --- [joyapi] [main] br.com.api.joyapi.JoyApiApplication      : No active profile set, falling back to 1 default profile: "default"
2024-03-27T22:04:02.366-03:00  INFO 5424 --- [joyapi] [main] .s.d.r.c.RepositoryConfigurationDelegate : Bootstrapping Spring Data JPA repositories in DEFAULT mode.
2024-03-27T22:04:02.402-03:00  INFO 5424 --- [joyapi] [main] .s.d.r.c.RepositoryConfigurationDelegate : Finished Spring Data repository scanning in 30 ms. Found 3 JPA repository interfaces.
2024-03-27T22:04:02.691-03:00  INFO 5424 --- [joyapi] [main] o.s.b.w.embedded.tomcat.TomcatWebServer  : Tomcat initialized with port 8080 (http)
2024-03-27T22:04:02.699-03:00  INFO 5424 --- [joyapi] [main] o.apache.catalina.core.StandardService   : Starting service [Tomcat]
2024-03-27T22:04:02.699-03:00  INFO 5424 --- [joyapi] [main] o.apache.catalina.core.StandardEngine    : Starting Servlet engine: [Apache Tomcat/10.1.19]
2024-03-27T22:04:02.734-03:00  INFO 5424 --- [joyapi] [main] o.a.c.c.C.[Tomcat].[localhost].[/]       : Initializing Spring embedded WebApplicationContext
2024-03-27T22:04:02.735-03:00  INFO 5424 --- [joyapi] [main] w.s.c.ServletWebServerApplicationContext : Root WebApplicationContext: initialization completed in 706 ms
2024-03-27T22:04:02.827-03:00  INFO 5424 --- [joyapi] [main] o.hibernate.jpa.internal.util.LogHelper  : HHH000204: Processing PersistenceUnitInfo [name: default]
2024-03-27T22:04:02.862-03:00  INFO 5424 --- [joyapi] [main] org.hibernate.Version                    : HHH000412: Hibernate ORM core version 6.4.4.Final
2024-03-27T22:04:02.886-03:00  INFO 5424 --- [joyapi] [main] o.h.c.internal.RegionFactoryInitiator    : HHH000026: Second-level cache disabled
2024-03-27T22:04:03.006-03:00  INFO 5424 --- [joyapi] [main] o.s.o.j.p.SpringPersistenceUnitInfo      : No LoadTimeWeaver setup: ignoring JPA class transformer
2024-03-27T22:04:03.021-03:00  INFO 5424 --- [joyapi] [main] com.zaxxer.hikari.HikariDataSource       : HikariPool-1 - Starting...
2024-03-27T22:04:03.023-03:00  WARN 5424 --- [joyapi] [main] c.zaxxer.hikari.util.DriverDataSource    : Registered driver with driverClassName=com.mysql.jdbc.Driver was not found, trying direct instantiation.
2024-03-27T22:04:03.125-03:00  INFO 5424 --- [joyapi] [main] com.zaxxer.hikari.pool.HikariPool        : HikariPool-1 - Added connection com.mysql.cj.jdbc.ConnectionImpl@1282e98
2024-03-27T22:04:03.126-03:00  INFO 5424 --- [joyapi] [main] com.zaxxer.hikari.HikariDataSource       : HikariPool-1 - Start completed.
2024-03-27T22:04:03.160-03:00  WARN 5424 --- [joyapi] [main] org.hibernate.orm.deprecation            : HHH90000025: MySQLDialect does not need to be specified explicitly using 'hibernate.dialect' (remove the property setting and it will be selected by default)
2024-03-27T22:04:03.656-03:00  INFO 5424 --- [joyapi] [main] o.h.e.t.j.p.i.JtaPlatformInitiator       : HHH000489: No JTA platform available (set 'hibernate.transaction.jta.platform' to enable JTA platform integration)
2024-03-27T22:04:03.879-03:00  INFO 5424 --- [joyapi] [main] j.LocalContainerEntityManagerFactoryBean : Initialized JPA EntityManagerFactory for persistence unit 'default'
2024-03-27T22:04:04.073-03:00  WARN 5424 --- [joyapi] [main] JpaBaseConfiguration$JpaWebConfiguration : spring.jpa.open-in-view is enabled by default. Therefore, database queries may be performed during view rendering. Explicitly configure spring.jpa.open-in-view to disable this warning
2024-03-27T22:04:04.289-03:00  INFO 5424 --- [joyapi] [main] o.s.b.w.embedded.tomcat.TomcatWebServer  : Tomcat started on port 8080 (http) with context path ''
2024-03-27T22:04:04.294-03:00  INFO 5424 --- [joyapi] [main] br.com.api.joyapi.JoyApiApplication      : Started JoyApiApplication in 2.541 seconds (process running for 2.709)
2024-03-27T22:04:10.125-03:00  INFO 5424 --- [joyapi] [SpringApplicationShutdownHook] j.LocalContainerEntityManagerFactoryBean : Closing JPA EntityManagerFactory for persistence unit 'default'
2024-03-27T22:04:10.128-03:00  INFO 5424 --- [joyapi] [SpringApplicationShutdownHook] com.zaxxer.hikari.HikariDataSource       : HikariPool-1 - Shutdown initiated...
2024-03-27T22:04:10.131-03:00  INFO 5424 --- [joyapi] [SpringApplicationShutdownHook] com.zaxxer.hikari.HikariDataSource       : HikariPool-1 - Shutdown completed.
